#
# A fatal error has been detected by the Java Runtime Environment:
#
#  SIGSEGV (0xb) at pc=0x0000000116aca000, pid=12729, tid=15619
#
# JRE version: OpenJDK Runtime Environment Corretto-17.0.7.7.1 (17.0.7+7) (build 17.0.7+7-LTS)
# Java VM: OpenJDK 64-Bit Server VM Corretto-17.0.7.7.1 (17.0.7+7-LTS, mixed mode, sharing, tiered, compressed oops, compressed class ptrs, g1 gc, bsd-amd64)
# Problematic frame:
# C  [libnative-platform-file-events.dylib+0x0]  __dso_handle+0x0
#
# No core dump will be written. Core dumps have been disabled. To enable core dumping, try "ulimit -c unlimited" before starting Java again
#
# If you would like to submit a bug report, please visit:
#   https://github.com/corretto/corretto-17/issues/
#

---------------  S U M M A R Y ------------

Command Line: --add-opens=java.base/java.util=ALL-UNNAMED --add-opens=java.base/java.lang=ALL-UNNAMED --add-opens=java.base/java.lang.invoke=ALL-UNNAMED --add-opens=java.prefs/java.util.prefs=ALL-UNNAMED --add-opens=java.base/java.nio.charset=ALL-UNNAMED --add-opens=java.base/java.net=ALL-UNNAMED --add-opens=java.base/java.util.concurrent.atomic=ALL-UNNAMED -XX:MaxMetaspaceSize=384m -XX:+HeapDumpOnOutOfMemoryError -Xms256m -Xmx512m -Dfile.encoding=UTF-8 -Duser.country=AU -Duser.language=en -Duser.variant -javaagent:/Users/vikasmalviya/.gradle/wrapper/dists/gradle-8.8-bin/dl7vupf4psengwqhwktix4v1/gradle-8.8/lib/agents/gradle-instrumentation-agent-8.8.jar org.gradle.launcher.daemon.bootstrap.GradleDaemon 8.8

Host: "MacBookPro16,1" x86_64 2400 MHz, 16 cores, 32G, Darwin 20.6.0, macOS 11.6 (20G165)
Time: Sun Jul 21 22:27:02 2024 AEST elapsed time: 5.260170 seconds (0d 0h 0m 5s)

---------------  T H R E A D  ---------------

Current thread is native thread

Stack: [0x000070000ee6a000,0x000070000eeea000],  sp=0x000070000eee7228,  free space=500k
Native frames: (J=compiled Java code, j=interpreted, Vv=VM code, C=native code)
C  [libnative-platform-file-events.dylib+0x0]  __dso_handle+0x0
C  [libnative-platform-file-events.dylib+0x15c27]  void std::__1::__variant_detail::__ctor<std::__1::__variant_detail::__traits<FileEvent, ErrorEvent, PoisonPill> >::__generic_construct[abi:v160006]<std::__1::__variant_detail::__copy_constructor<std::__1::__variant_detail::__traits<FileEvent, ErrorEvent, PoisonPill>, (std::__1::__variant_detail::_Trait)1> const&>(std::__1::__variant_detail::__ctor<std::__1::__variant_detail::__traits<FileEvent, ErrorEvent, PoisonPill> >&, std::__1::__variant_detail::__copy_constructor<std::__1::__variant_detail::__traits<FileEvent, ErrorEvent, PoisonPill>, (std::__1::__variant_detail::_Trait)1> const&)+0x47
C  [libnative-platform-file-events.dylib+0x15b8a]  std::__1::__variant_detail::__copy_constructor<std::__1::__variant_detail::__traits<FileEvent, ErrorEvent, PoisonPill>, (std::__1::__variant_detail::_Trait)1>::__copy_constructor(std::__1::__variant_detail::__copy_constructor<std::__1::__variant_detail::__traits<FileEvent, ErrorEvent, PoisonPill>, (std::__1::__variant_detail::_Trait)1> const&)+0x2a
C  [libnative-platform-file-events.dylib+0x15b4d]  std::__1::__variant_detail::__assignment<std::__1::__variant_detail::__traits<FileEvent, ErrorEvent, PoisonPill> >::__assignment(std::__1::__variant_detail::__assignment<std::__1::__variant_detail::__traits<FileEvent, ErrorEvent, PoisonPill> > const&)+0x1d
C  [libnative-platform-file-events.dylib+0x15b1d]  std::__1::__variant_detail::__move_assignment<std::__1::__variant_detail::__traits<FileEvent, ErrorEvent, PoisonPill>, (std::__1::__variant_detail::_Trait)1>::__move_assignment(std::__1::__variant_detail::__move_assignment<std::__1::__variant_detail::__traits<FileEvent, ErrorEvent, PoisonPill>, (std::__1::__variant_detail::_Trait)1> const&)+0x1d
C  [libnative-platform-file-events.dylib+0x15aed]  std::__1::__variant_detail::__copy_assignment<std::__1::__variant_detail::__traits<FileEvent, ErrorEvent, PoisonPill>, (std::__1::__variant_detail::_Trait)1>::__copy_assignment(std::__1::__variant_detail::__copy_assignment<std::__1::__variant_detail::__traits<FileEvent, ErrorEvent, PoisonPill>, (std::__1::__variant_detail::_Trait)1> const&)+0x1d
C  [libnative-platform-file-events.dylib+0x15abd]  std::__1::__variant_detail::__impl<FileEvent, ErrorEvent, PoisonPill>::__impl(std::__1::__variant_detail::__impl<FileEvent, ErrorEvent, PoisonPill> const&)+0x1d
C  [libnative-platform-file-events.dylib+0x15a8d]  std::__1::__variant_detail::__impl<FileEvent, ErrorEvent, PoisonPill>::__impl(std::__1::__variant_detail::__impl<FileEvent, ErrorEvent, PoisonPill> const&)+0x1d
C  [libnative-platform-file-events.dylib+0x15a5d]  std::__1::variant<FileEvent, ErrorEvent, PoisonPill>::variant(std::__1::variant<FileEvent, ErrorEvent, PoisonPill> const&)+0x1d
C  [libnative-platform-file-events.dylib+0x15a2d]  std::__1::variant<FileEvent, ErrorEvent, PoisonPill>::variant(std::__1::variant<FileEvent, ErrorEvent, PoisonPill> const&)+0x1d
C  [libnative-platform-file-events.dylib+0x15a01]  void std::__1::allocator<std::__1::variant<FileEvent, ErrorEvent, PoisonPill> >::construct[abi:v160006]<std::__1::variant<FileEvent, ErrorEvent, PoisonPill>, std::__1::variant<FileEvent, ErrorEvent, PoisonPill> const&>(std::__1::variant<FileEvent, ErrorEvent, PoisonPill>*, std::__1::variant<FileEvent, ErrorEvent, PoisonPill> const&)+0x21
C  [libnative-platform-file-events.dylib+0x13805]  void std::__1::allocator_traits<std::__1::allocator<std::__1::variant<FileEvent, ErrorEvent, PoisonPill> > >::construct[abi:v160006]<std::__1::variant<FileEvent, ErrorEvent, PoisonPill>, std::__1::variant<FileEvent, ErrorEvent, PoisonPill> const&, void>(std::__1::allocator<std::__1::variant<FileEvent, ErrorEvent, PoisonPill> >&, std::__1::variant<FileEvent, ErrorEvent, PoisonPill>*, std::__1::variant<FileEvent, ErrorEvent, PoisonPill> const&)+0x25
C  [libnative-platform-file-events.dylib+0x133ef]  std::__1::deque<std::__1::variant<FileEvent, ErrorEvent, PoisonPill>, std::__1::allocator<std::__1::variant<FileEvent, ErrorEvent, PoisonPill> > >::push_back(std::__1::variant<FileEvent, ErrorEvent, PoisonPill> const&)+0x6f
C  [libnative-platform-file-events.dylib+0x1336d]  std::__1::queue<std::__1::variant<FileEvent, ErrorEvent, PoisonPill>, std::__1::deque<std::__1::variant<FileEvent, ErrorEvent, PoisonPill>, std::__1::allocator<std::__1::variant<FileEvent, ErrorEvent, PoisonPill> > > >::push[abi:v160006](std::__1::variant<FileEvent, ErrorEvent, PoisonPill> const&)+0x1d
C  [libnative-platform-file-events.dylib+0xd9d2]  BlockingQueue<std::__1::variant<FileEvent, ErrorEvent, PoisonPill> >::enqueue(std::__1::variant<FileEvent, ErrorEvent, PoisonPill> const&)+0x32
C  [libnative-platform-file-events.dylib+0xd809]  Server::handleEvents(unsigned long, char**, unsigned int const*, unsigned long long const*)+0xb9
C  [libnative-platform-file-events.dylib+0xd441]  handleEventsCallback(__FSEventStream const*, void*, unsigned long, void*, unsigned int const*, unsigned long long const*)+0x41
C  [FSEvents+0x2eff]  implementation_callback_rpc+0xe11
C  [FSEvents+0x206e]  _Xcallback_rpc+0xe9
C  [FSEvents+0x1f67]  FSEventsD2F_server+0x37
C  [FSEvents+0x5a73]  receive_and_dispatch_rcv_msg+0x141
C  [libdispatch.dylib+0x3806]  _dispatch_client_callout+0x8
C  [libdispatch.dylib+0x61b0]  _dispatch_continuation_pop+0x1a7
C  [libdispatch.dylib+0x16564]  _dispatch_source_invoke+0x80d
C  [libdispatch.dylib+0x9493]  _dispatch_lane_serial_drain+0x107
C  [libdispatch.dylib+0xa0ad]  _dispatch_lane_invoke+0x16e
C  [libdispatch.dylib+0x13c0d]  _dispatch_workloop_worker_thread+0x32b
C  [libsystem_pthread.dylib+0x345d]  _pthread_wqthread+0x13a
C  [libsystem_pthread.dylib+0x242f]  start_wqthread+0xf


siginfo: si_signo: 11 (SIGSEGV), si_code: 0 (unknown), si_addr: 0x0000000000000000

Registers:
RAX=0x0000000116aca000, RBX=0x0000000000000001, RCX=0x0000000000000000, RDX=0x000070000eee75b0
RSP=0x000070000eee7228, RBP=0x000070000eee7280, RSI=0x00007fbf7f55aa00, RDI=0x000070000eee7298
R8 =0x0000000000004119, R9 =0x0000000000000000, R10=0x0000000000000a00, R11=0x0000000000003fff
R12=0x00007fbeae456a50, R13=0x0000000000000000, R14=0x0000000000000001, R15=0x0000000000000000
RIP=0x0000000116aca000, EFLAGS=0x0000000000010206, ERR=0x0000000000000000
  TRAPNO=0x000000000000000d

Top of Stack: (sp=0x000070000eee7228)
0x000070000eee7228:   0000000116adfd8c 000070000eee7298
0x000070000eee7238:   00007fbf7f55aa00 0000000116aca000
0x000070000eee7248:   0000000116aca000 0000000116aca000
0x000070000eee7258:   0000000116aca000 000070000eee75b0
0x000070000eee7268:   00007fbf7f55aa00 000070000eee7298
0x000070000eee7278:   0000000000000000 000070000eee72b0
0x000070000eee7288:   0000000116adfc27 000070000eee72b0
0x000070000eee7298:   0000000116adfbd5 000070000eee75b0
0x000070000eee72a8:   00007fbf7f55aa00 000070000eee72f0
0x000070000eee72b8:   0000000116adfb8a 00007fbf7f55aa00
0x000070000eee72c8:   0000000116adf849 0000000000000000
0x000070000eee72d8:   000070000eee73b0 000070000eee75b0
0x000070000eee72e8:   00007fbf7f55aa00 000070000eee7310
0x000070000eee72f8:   0000000116adfb4d 000070000eee75b0
0x000070000eee7308:   00007fbf7f55aa00 000070000eee7330
0x000070000eee7318:   0000000116adfb1d 000070000eee75b0
0x000070000eee7328:   00007fbf7f55aa00 000070000eee7350
0x000070000eee7338:   0000000116adfaed 000070000eee75b0
0x000070000eee7348:   00007fbf7f55aa00 000070000eee7370
0x000070000eee7358:   0000000116adfabd 000070000eee75b0
0x000070000eee7368:   00007fbf7f55aa00 000070000eee7390
0x000070000eee7378:   0000000116adfa8d 000070000eee75b0
0x000070000eee7388:   00007fbf7f55aa00 000070000eee73b0
0x000070000eee7398:   0000000116adfa5d 000070000eee75b0
0x000070000eee73a8:   00007fbf7f55aa00 000070000eee73d0
0x000070000eee73b8:   0000000116adfa2d 000070000eee75b0
0x000070000eee73c8:   00007fbf7f55aa00 000070000eee7400
0x000070000eee73d8:   0000000116adfa01 00007fbf7f55aa00
0x000070000eee73e8:   000070000eee75b0 00007fbf7f55aa00
0x000070000eee73f8:   00007fbf7e7eb708 000070000eee7430
0x000070000eee7408:   0000000116add805 0000000000000000
0x000070000eee7418:   000070000eee75b0 00007fbf7f55aa00 

Instructions: (pc=0x0000000116aca000)
0x0000000116ac9f00:   00 00 00 00 00 00 00 00 00 00 00 00 00 00 00 00
0x0000000116ac9f10:   00 00 00 00 00 00 00 00 00 00 00 00 00 00 00 00
0x0000000116ac9f20:   00 00 00 00 00 00 00 00 00 00 00 00 00 00 00 00
0x0000000116ac9f30:   00 00 00 00 00 00 00 00 00 00 00 00 00 00 00 00
0x0000000116ac9f40:   00 00 00 00 00 00 00 00 00 00 00 00 00 00 00 00
0x0000000116ac9f50:   00 00 00 00 00 00 00 00 00 00 00 00 00 00 00 00
0x0000000116ac9f60:   00 00 00 00 00 00 00 00 00 00 00 00 00 00 00 00
0x0000000116ac9f70:   00 00 00 00 00 00 00 00 00 00 00 00 00 00 00 00
0x0000000116ac9f80:   00 00 00 00 00 00 00 00 00 00 00 00 00 00 00 00
0x0000000116ac9f90:   00 00 00 00 00 00 00 00 00 00 00 00 00 00 00 00
0x0000000116ac9fa0:   00 00 00 00 00 00 00 00 00 00 00 00 00 00 00 00
0x0000000116ac9fb0:   00 00 00 00 00 00 00 00 00 00 00 00 00 00 00 00
0x0000000116ac9fc0:   00 00 00 00 00 00 00 00 00 00 00 00 00 00 00 00
0x0000000116ac9fd0:   00 00 00 00 00 00 00 00 00 00 00 00 00 00 00 00
0x0000000116ac9fe0:   00 00 00 00 00 00 00 00 00 00 00 00 00 00 00 00
0x0000000116ac9ff0:   00 00 00 00 00 00 00 00 00 00 00 00 00 00 00 00
0x0000000116aca000:   cf fa ed fe 07 00 00 01 03 00 00 00 06 00 00 00
0x0000000116aca010:   10 00 00 00 00 07 00 00 85 80 11 00 00 00 00 00
0x0000000116aca020:   19 00 00 00 78 02 00 00 5f 5f 54 45 58 54 00 00
0x0000000116aca030:   00 00 00 00 00 00 00 00 00 00 00 00 00 00 00 00
0x0000000116aca040:   00 c0 01 00 00 00 00 00 00 00 00 00 00 00 00 00
0x0000000116aca050:   00 c0 01 00 00 00 00 00 05 00 00 00 05 00 00 00
0x0000000116aca060:   07 00 00 00 00 00 00 00 5f 5f 74 65 78 74 00 00
0x0000000116aca070:   00 00 00 00 00 00 00 00 5f 5f 54 45 58 54 00 00
0x0000000116aca080:   00 00 00 00 00 00 00 00 80 19 00 00 00 00 00 00
0x0000000116aca090:   dc 7d 01 00 00 00 00 00 80 19 00 00 04 00 00 00
0x0000000116aca0a0:   00 00 00 00 00 00 00 00 00 04 00 80 00 00 00 00
0x0000000116aca0b0:   00 00 00 00 00 00 00 00 5f 5f 73 74 75 62 73 00
0x0000000116aca0c0:   00 00 00 00 00 00 00 00 5f 5f 54 45 58 54 00 00
0x0000000116aca0d0:   00 00 00 00 00 00 00 00 5c 97 01 00 00 00 00 00
0x0000000116aca0e0:   ec 04 00 00 00 00 00 00 5c 97 01 00 00 00 00 00
0x0000000116aca0f0:   00 00 00 00 00 00 00 00 08 04 00 80 00 00 00 00 



---------------  P R O C E S S  ---------------

VM state: not at safepoint (normal execution)

VM Mutex/Monitor currently owned by a thread: None

Heap address: 0x00000007e0000000, size: 512 MB, Compressed Oops mode: Zero based, Oop shift amount: 3

CDS archive(s) mapped at: [0x0000000800000000-0x0000000800bd2000-0x0000000800bd2000), size 12394496, SharedBaseAddress: 0x0000000800000000, ArchiveRelocationMode: 0.
Compressed class space mapped at: 0x0000000801000000-0x0000000815000000, reserved size: 335544320
Narrow klass base: 0x0000000800000000, Narrow klass shift: 0, Narrow klass range: 0x100000000

GC Precious Log:
<Skipped>

Heap:
 garbage-first heap   total 262144K, used 84368K [0x00000007e0000000, 0x0000000800000000)
  region size 1024K, 51 young (52224K), 19 survivors (19456K)
 Metaspace       used 54407K, committed 54976K, reserved 393216K
  class space    used 7737K, committed 8000K, reserved 327680K

Heap Regions: E=young(eden), S=young(survivor), O=old, HS=humongous(starts), HC=humongous(continues), CS=collection set, F=free, OA=open archive, CA=closed archive, TAMS=top-at-mark-start (previous, next)
|   0|0x00000007e0000000, 0x00000007e0100000, 0x00000007e0100000|100%|HS|  |TAMS 0x00000007e0100000, 0x00000007e0000000| Complete 
|   1|0x00000007e0100000, 0x00000007e0200000, 0x00000007e0200000|100%|HC|  |TAMS 0x00000007e0200000, 0x00000007e0100000| Complete 
|   2|0x00000007e0200000, 0x00000007e0300000, 0x00000007e0300000|100%|HC|  |TAMS 0x00000007e0300000, 0x00000007e0200000| Complete 
|   3|0x00000007e0300000, 0x00000007e0400000, 0x00000007e0400000|100%|HC|  |TAMS 0x00000007e0400000, 0x00000007e0300000| Complete 
|   4|0x00000007e0400000, 0x00000007e0500000, 0x00000007e0500000|100%| O|  |TAMS 0x00000007e0500000, 0x00000007e0400000| Untracked 
|   5|0x00000007e0500000, 0x00000007e0600000, 0x00000007e0600000|100%| O|  |TAMS 0x00000007e0600000, 0x00000007e0500000| Untracked 
|   6|0x00000007e0600000, 0x00000007e0700000, 0x00000007e0700000|100%| O|  |TAMS 0x00000007e0700000, 0x00000007e0600000| Untracked 
|   7|0x00000007e0700000, 0x00000007e0800000, 0x00000007e0800000|100%| O|  |TAMS 0x00000007e0800000, 0x00000007e0700000| Untracked 
|   8|0x00000007e0800000, 0x00000007e0900000, 0x00000007e0900000|100%|HS|  |TAMS 0x00000007e0900000, 0x00000007e0800000| Complete 
|   9|0x00000007e0900000, 0x00000007e0a00000, 0x00000007e0a00000|100%| O|  |TAMS 0x00000007e0900000, 0x00000007e0900000| Untracked 
|  10|0x00000007e0a00000, 0x00000007e0b00000, 0x00000007e0b00000|100%| O|  |TAMS 0x00000007e0b00000, 0x00000007e0a00000| Untracked 
|  11|0x00000007e0b00000, 0x00000007e0c00000, 0x00000007e0c00000|100%| O|  |TAMS 0x00000007e0c00000, 0x00000007e0b00000| Untracked 
|  12|0x00000007e0c00000, 0x00000007e0c6da00, 0x00000007e0d00000| 42%| O|  |TAMS 0x00000007e0c6da00, 0x00000007e0c00000| Untracked 
|  13|0x00000007e0d00000, 0x00000007e0e00000, 0x00000007e0e00000|100%| O|  |TAMS 0x00000007e0d00000, 0x00000007e0d00000| Untracked 
|  14|0x00000007e0e00000, 0x00000007e0f00000, 0x00000007e0f00000|100%| O|  |TAMS 0x00000007e0e00000, 0x00000007e0e00000| Untracked 
|  15|0x00000007e0f00000, 0x00000007e1000000, 0x00000007e1000000|100%| O|  |TAMS 0x00000007e0f00000, 0x00000007e0f00000| Untracked 
|  16|0x00000007e1000000, 0x00000007e1100000, 0x00000007e1100000|100%| O|  |TAMS 0x00000007e1000000, 0x00000007e1000000| Untracked 
|  17|0x00000007e1100000, 0x00000007e1200000, 0x00000007e1200000|100%| O|  |TAMS 0x00000007e1100000, 0x00000007e1100000| Untracked 
|  18|0x00000007e1200000, 0x00000007e1300000, 0x00000007e1300000|100%| O|  |TAMS 0x00000007e1200000, 0x00000007e1200000| Untracked 
|  19|0x00000007e1300000, 0x00000007e1400000, 0x00000007e1400000|100%| O|  |TAMS 0x00000007e1300000, 0x00000007e1300000| Untracked 
|  20|0x00000007e1400000, 0x00000007e1500000, 0x00000007e1500000|100%| O|  |TAMS 0x00000007e1400000, 0x00000007e1400000| Untracked 
|  21|0x00000007e1500000, 0x00000007e1600000, 0x00000007e1600000|100%| O|  |TAMS 0x00000007e1500000, 0x00000007e1500000| Untracked 
|  22|0x00000007e1600000, 0x00000007e1700000, 0x00000007e1700000|100%| O|  |TAMS 0x00000007e1600000, 0x00000007e1600000| Untracked 
|  23|0x00000007e1700000, 0x00000007e1800000, 0x00000007e1800000|100%| O|  |TAMS 0x00000007e1700000, 0x00000007e1700000| Untracked 
|  24|0x00000007e1800000, 0x00000007e1900000, 0x00000007e1900000|100%| O|  |TAMS 0x00000007e1800000, 0x00000007e1800000| Untracked 
|  25|0x00000007e1900000, 0x00000007e1a00000, 0x00000007e1a00000|100%| O|  |TAMS 0x00000007e1900000, 0x00000007e1900000| Untracked 
|  26|0x00000007e1a00000, 0x00000007e1b00000, 0x00000007e1b00000|100%| O|  |TAMS 0x00000007e1a00000, 0x00000007e1a00000| Untracked 
|  27|0x00000007e1b00000, 0x00000007e1c00000, 0x00000007e1c00000|100%| O|  |TAMS 0x00000007e1b00000, 0x00000007e1b00000| Untracked 
|  28|0x00000007e1c00000, 0x00000007e1d00000, 0x00000007e1d00000|100%| O|  |TAMS 0x00000007e1c00000, 0x00000007e1c00000| Untracked 
|  29|0x00000007e1d00000, 0x00000007e1e00000, 0x00000007e1e00000|100%| O|  |TAMS 0x00000007e1d00000, 0x00000007e1d00000| Untracked 
|  30|0x00000007e1e00000, 0x00000007e1f00000, 0x00000007e1f00000|100%| O|  |TAMS 0x00000007e1e00000, 0x00000007e1e00000| Untracked 
|  31|0x00000007e1f00000, 0x00000007e1f48a00, 0x00000007e2000000| 28%| O|  |TAMS 0x00000007e1f00000, 0x00000007e1f00000| Untracked 
|  32|0x00000007e2000000, 0x00000007e2000000, 0x00000007e2100000|  0%| F|  |TAMS 0x00000007e2000000, 0x00000007e2000000| Untracked 
|  33|0x00000007e2100000, 0x00000007e2100000, 0x00000007e2200000|  0%| F|  |TAMS 0x00000007e2100000, 0x00000007e2100000| Untracked 
|  34|0x00000007e2200000, 0x00000007e2200000, 0x00000007e2300000|  0%| F|  |TAMS 0x00000007e2200000, 0x00000007e2200000| Untracked 
|  35|0x00000007e2300000, 0x00000007e2300000, 0x00000007e2400000|  0%| F|  |TAMS 0x00000007e2300000, 0x00000007e2300000| Untracked 
|  36|0x00000007e2400000, 0x00000007e2400000, 0x00000007e2500000|  0%| F|  |TAMS 0x00000007e2400000, 0x00000007e2400000| Untracked 
|  37|0x00000007e2500000, 0x00000007e2500000, 0x00000007e2600000|  0%| F|  |TAMS 0x00000007e2500000, 0x00000007e2500000| Untracked 
|  38|0x00000007e2600000, 0x00000007e2600000, 0x00000007e2700000|  0%| F|  |TAMS 0x00000007e2600000, 0x00000007e2600000| Untracked 
|  39|0x00000007e2700000, 0x00000007e2700000, 0x00000007e2800000|  0%| F|  |TAMS 0x00000007e2700000, 0x00000007e2700000| Untracked 
|  40|0x00000007e2800000, 0x00000007e2800000, 0x00000007e2900000|  0%| F|  |TAMS 0x00000007e2800000, 0x00000007e2800000| Untracked 
|  41|0x00000007e2900000, 0x00000007e2900000, 0x00000007e2a00000|  0%| F|  |TAMS 0x00000007e2900000, 0x00000007e2900000| Untracked 
|  42|0x00000007e2a00000, 0x00000007e2a00000, 0x00000007e2b00000|  0%| F|  |TAMS 0x00000007e2a00000, 0x00000007e2a00000| Untracked 
|  43|0x00000007e2b00000, 0x00000007e2b00000, 0x00000007e2c00000|  0%| F|  |TAMS 0x00000007e2b00000, 0x00000007e2b00000| Untracked 
|  44|0x00000007e2c00000, 0x00000007e2c00000, 0x00000007e2d00000|  0%| F|  |TAMS 0x00000007e2c00000, 0x00000007e2c00000| Untracked 
|  45|0x00000007e2d00000, 0x00000007e2d00000, 0x00000007e2e00000|  0%| F|  |TAMS 0x00000007e2d00000, 0x00000007e2d00000| Untracked 
|  46|0x00000007e2e00000, 0x00000007e2e00000, 0x00000007e2f00000|  0%| F|  |TAMS 0x00000007e2e00000, 0x00000007e2e00000| Untracked 
|  47|0x00000007e2f00000, 0x00000007e2f00000, 0x00000007e3000000|  0%| F|  |TAMS 0x00000007e2f00000, 0x00000007e2f00000| Untracked 
|  48|0x00000007e3000000, 0x00000007e3000000, 0x00000007e3100000|  0%| F|  |TAMS 0x00000007e3000000, 0x00000007e3000000| Untracked 
|  49|0x00000007e3100000, 0x00000007e3100000, 0x00000007e3200000|  0%| F|  |TAMS 0x00000007e3100000, 0x00000007e3100000| Untracked 
|  50|0x00000007e3200000, 0x00000007e3200000, 0x00000007e3300000|  0%| F|  |TAMS 0x00000007e3200000, 0x00000007e3200000| Untracked 
|  51|0x00000007e3300000, 0x00000007e3300000, 0x00000007e3400000|  0%| F|  |TAMS 0x00000007e3300000, 0x00000007e3300000| Untracked 
|  52|0x00000007e3400000, 0x00000007e3400000, 0x00000007e3500000|  0%| F|  |TAMS 0x00000007e3400000, 0x00000007e3400000| Untracked 
|  53|0x00000007e3500000, 0x00000007e3500000, 0x00000007e3600000|  0%| F|  |TAMS 0x00000007e3500000, 0x00000007e3500000| Untracked 
|  54|0x00000007e3600000, 0x00000007e3600000, 0x00000007e3700000|  0%| F|  |TAMS 0x00000007e3600000, 0x00000007e3600000| Untracked 
|  55|0x00000007e3700000, 0x00000007e3700000, 0x00000007e3800000|  0%| F|  |TAMS 0x00000007e3700000, 0x00000007e3700000| Untracked 
|  56|0x00000007e3800000, 0x00000007e3800000, 0x00000007e3900000|  0%| F|  |TAMS 0x00000007e3800000, 0x00000007e3800000| Untracked 
|  57|0x00000007e3900000, 0x00000007e3900000, 0x00000007e3a00000|  0%| F|  |TAMS 0x00000007e3900000, 0x00000007e3900000| Untracked 
|  58|0x00000007e3a00000, 0x00000007e3a00000, 0x00000007e3b00000|  0%| F|  |TAMS 0x00000007e3a00000, 0x00000007e3a00000| Untracked 
|  59|0x00000007e3b00000, 0x00000007e3b00000, 0x00000007e3c00000|  0%| F|  |TAMS 0x00000007e3b00000, 0x00000007e3b00000| Untracked 
|  60|0x00000007e3c00000, 0x00000007e3c00000, 0x00000007e3d00000|  0%| F|  |TAMS 0x00000007e3c00000, 0x00000007e3c00000| Untracked 
|  61|0x00000007e3d00000, 0x00000007e3d00000, 0x00000007e3e00000|  0%| F|  |TAMS 0x00000007e3d00000, 0x00000007e3d00000| Untracked 
|  62|0x00000007e3e00000, 0x00000007e3e00000, 0x00000007e3f00000|  0%| F|  |TAMS 0x00000007e3e00000, 0x00000007e3e00000| Untracked 
|  63|0x00000007e3f00000, 0x00000007e3f00000, 0x00000007e4000000|  0%| F|  |TAMS 0x00000007e3f00000, 0x00000007e3f00000| Untracked 
|  64|0x00000007e4000000, 0x00000007e4000000, 0x00000007e4100000|  0%| F|  |TAMS 0x00000007e4000000, 0x00000007e4000000| Untracked 
|  65|0x00000007e4100000, 0x00000007e4100000, 0x00000007e4200000|  0%| F|  |TAMS 0x00000007e4100000, 0x00000007e4100000| Untracked 
|  66|0x00000007e4200000, 0x00000007e4200000, 0x00000007e4300000|  0%| F|  |TAMS 0x00000007e4200000, 0x00000007e4200000| Untracked 
|  67|0x00000007e4300000, 0x00000007e4300000, 0x00000007e4400000|  0%| F|  |TAMS 0x00000007e4300000, 0x00000007e4300000| Untracked 
|  68|0x00000007e4400000, 0x00000007e4400000, 0x00000007e4500000|  0%| F|  |TAMS 0x00000007e4400000, 0x00000007e4400000| Untracked 
|  69|0x00000007e4500000, 0x00000007e4500000, 0x00000007e4600000|  0%| F|  |TAMS 0x00000007e4500000, 0x00000007e4500000| Untracked 
|  70|0x00000007e4600000, 0x00000007e4600000, 0x00000007e4700000|  0%| F|  |TAMS 0x00000007e4600000, 0x00000007e4600000| Untracked 
|  71|0x00000007e4700000, 0x00000007e4700000, 0x00000007e4800000|  0%| F|  |TAMS 0x00000007e4700000, 0x00000007e4700000| Untracked 
|  72|0x00000007e4800000, 0x00000007e4800000, 0x00000007e4900000|  0%| F|  |TAMS 0x00000007e4800000, 0x00000007e4800000| Untracked 
|  73|0x00000007e4900000, 0x00000007e4900000, 0x00000007e4a00000|  0%| F|  |TAMS 0x00000007e4900000, 0x00000007e4900000| Untracked 
|  74|0x00000007e4a00000, 0x00000007e4a00000, 0x00000007e4b00000|  0%| F|  |TAMS 0x00000007e4a00000, 0x00000007e4a00000| Untracked 
|  75|0x00000007e4b00000, 0x00000007e4b00000, 0x00000007e4c00000|  0%| F|  |TAMS 0x00000007e4b00000, 0x00000007e4b00000| Untracked 
|  76|0x00000007e4c00000, 0x00000007e4c00000, 0x00000007e4d00000|  0%| F|  |TAMS 0x00000007e4c00000, 0x00000007e4c00000| Untracked 
|  77|0x00000007e4d00000, 0x00000007e4d00000, 0x00000007e4e00000|  0%| F|  |TAMS 0x00000007e4d00000, 0x00000007e4d00000| Untracked 
|  78|0x00000007e4e00000, 0x00000007e4e00000, 0x00000007e4f00000|  0%| F|  |TAMS 0x00000007e4e00000, 0x00000007e4e00000| Untracked 
|  79|0x00000007e4f00000, 0x00000007e4f00000, 0x00000007e5000000|  0%| F|  |TAMS 0x00000007e4f00000, 0x00000007e4f00000| Untracked 
|  80|0x00000007e5000000, 0x00000007e5000000, 0x00000007e5100000|  0%| F|  |TAMS 0x00000007e5000000, 0x00000007e5000000| Untracked 
|  81|0x00000007e5100000, 0x00000007e5100000, 0x00000007e5200000|  0%| F|  |TAMS 0x00000007e5100000, 0x00000007e5100000| Untracked 
|  82|0x00000007e5200000, 0x00000007e5300000, 0x00000007e5300000|100%| S|CS|TAMS 0x00000007e5200000, 0x00000007e5200000| Complete 
|  83|0x00000007e5300000, 0x00000007e5400000, 0x00000007e5400000|100%| S|CS|TAMS 0x00000007e5300000, 0x00000007e5300000| Complete 
|  84|0x00000007e5400000, 0x00000007e5400000, 0x00000007e5500000|  0%| F|  |TAMS 0x00000007e5400000, 0x00000007e5400000| Untracked 
|  85|0x00000007e5500000, 0x00000007e5500000, 0x00000007e5600000|  0%| F|  |TAMS 0x00000007e5500000, 0x00000007e5500000| Untracked 
|  86|0x00000007e5600000, 0x00000007e5600000, 0x00000007e5700000|  0%| F|  |TAMS 0x00000007e5600000, 0x00000007e5600000| Untracked 
|  87|0x00000007e5700000, 0x00000007e5700000, 0x00000007e5800000|  0%| F|  |TAMS 0x00000007e5700000, 0x00000007e5700000| Untracked 
|  88|0x00000007e5800000, 0x00000007e5800000, 0x00000007e5900000|  0%| F|  |TAMS 0x00000007e5800000, 0x00000007e5800000| Untracked 
|  89|0x00000007e5900000, 0x00000007e5900000, 0x00000007e5a00000|  0%| F|  |TAMS 0x00000007e5900000, 0x00000007e5900000| Untracked 
|  90|0x00000007e5a00000, 0x00000007e5a00000, 0x00000007e5b00000|  0%| F|  |TAMS 0x00000007e5a00000, 0x00000007e5a00000| Untracked 
|  91|0x00000007e5b00000, 0x00000007e5b00000, 0x00000007e5c00000|  0%| F|  |TAMS 0x00000007e5b00000, 0x00000007e5b00000| Untracked 
|  92|0x00000007e5c00000, 0x00000007e5c00000, 0x00000007e5d00000|  0%| F|  |TAMS 0x00000007e5c00000, 0x00000007e5c00000| Untracked 
|  93|0x00000007e5d00000, 0x00000007e5d00000, 0x00000007e5e00000|  0%| F|  |TAMS 0x00000007e5d00000, 0x00000007e5d00000| Untracked 
|  94|0x00000007e5e00000, 0x00000007e5e00000, 0x00000007e5f00000|  0%| F|  |TAMS 0x00000007e5e00000, 0x00000007e5e00000| Untracked 
|  95|0x00000007e5f00000, 0x00000007e5f00000, 0x00000007e6000000|  0%| F|  |TAMS 0x00000007e5f00000, 0x00000007e5f00000| Untracked 
|  96|0x00000007e6000000, 0x00000007e6000000, 0x00000007e6100000|  0%| F|  |TAMS 0x00000007e6000000, 0x00000007e6000000| Untracked 
|  97|0x00000007e6100000, 0x00000007e6100000, 0x00000007e6200000|  0%| F|  |TAMS 0x00000007e6100000, 0x00000007e6100000| Untracked 
|  98|0x00000007e6200000, 0x00000007e6200000, 0x00000007e6300000|  0%| F|  |TAMS 0x00000007e6200000, 0x00000007e6200000| Untracked 
|  99|0x00000007e6300000, 0x00000007e6300000, 0x00000007e6400000|  0%| F|  |TAMS 0x00000007e6300000, 0x00000007e6300000| Untracked 
| 100|0x00000007e6400000, 0x00000007e6400000, 0x00000007e6500000|  0%| F|  |TAMS 0x00000007e6400000, 0x00000007e6400000| Untracked 
| 101|0x00000007e6500000, 0x00000007e6600000, 0x00000007e6600000|100%| S|CS|TAMS 0x00000007e6500000, 0x00000007e6500000| Complete 
| 102|0x00000007e6600000, 0x00000007e6700000, 0x00000007e6700000|100%| S|CS|TAMS 0x00000007e6600000, 0x00000007e6600000| Complete 
| 103|0x00000007e6700000, 0x00000007e6800000, 0x00000007e6800000|100%| S|CS|TAMS 0x00000007e6700000, 0x00000007e6700000| Complete 
| 104|0x00000007e6800000, 0x00000007e6900000, 0x00000007e6900000|100%| S|CS|TAMS 0x00000007e6800000, 0x00000007e6800000| Complete 
| 105|0x00000007e6900000, 0x00000007e6a00000, 0x00000007e6a00000|100%| S|CS|TAMS 0x00000007e6900000, 0x00000007e6900000| Complete 
| 106|0x00000007e6a00000, 0x00000007e6b00000, 0x00000007e6b00000|100%| S|CS|TAMS 0x00000007e6a00000, 0x00000007e6a00000| Complete 
| 107|0x00000007e6b00000, 0x00000007e6c00000, 0x00000007e6c00000|100%| S|CS|TAMS 0x00000007e6b00000, 0x00000007e6b00000| Complete 
| 108|0x00000007e6c00000, 0x00000007e6d00000, 0x00000007e6d00000|100%| S|CS|TAMS 0x00000007e6c00000, 0x00000007e6c00000| Complete 
| 109|0x00000007e6d00000, 0x00000007e6e00000, 0x00000007e6e00000|100%| S|CS|TAMS 0x00000007e6d00000, 0x00000007e6d00000| Complete 
| 110|0x00000007e6e00000, 0x00000007e6f00000, 0x00000007e6f00000|100%| S|CS|TAMS 0x00000007e6e00000, 0x00000007e6e00000| Complete 
| 111|0x00000007e6f00000, 0x00000007e7000000, 0x00000007e7000000|100%| S|CS|TAMS 0x00000007e6f00000, 0x00000007e6f00000| Complete 
| 112|0x00000007e7000000, 0x00000007e7100000, 0x00000007e7100000|100%| S|CS|TAMS 0x00000007e7000000, 0x00000007e7000000| Complete 
| 113|0x00000007e7100000, 0x00000007e7200000, 0x00000007e7200000|100%| S|CS|TAMS 0x00000007e7100000, 0x00000007e7100000| Complete 
| 114|0x00000007e7200000, 0x00000007e7300000, 0x00000007e7300000|100%| S|CS|TAMS 0x00000007e7200000, 0x00000007e7200000| Complete 
| 115|0x00000007e7300000, 0x00000007e7400000, 0x00000007e7400000|100%| S|CS|TAMS 0x00000007e7300000, 0x00000007e7300000| Complete 
| 116|0x00000007e7400000, 0x00000007e7500000, 0x00000007e7500000|100%| S|CS|TAMS 0x00000007e7400000, 0x00000007e7400000| Complete 
| 117|0x00000007e7500000, 0x00000007e7600000, 0x00000007e7600000|100%| S|CS|TAMS 0x00000007e7500000, 0x00000007e7500000| Complete 
| 118|0x00000007e7600000, 0x00000007e7600000, 0x00000007e7700000|  0%| F|  |TAMS 0x00000007e7600000, 0x00000007e7600000| Untracked 
| 119|0x00000007e7700000, 0x00000007e7700000, 0x00000007e7800000|  0%| F|  |TAMS 0x00000007e7700000, 0x00000007e7700000| Untracked 
| 120|0x00000007e7800000, 0x00000007e7800000, 0x00000007e7900000|  0%| F|  |TAMS 0x00000007e7800000, 0x00000007e7800000| Untracked 
| 121|0x00000007e7900000, 0x00000007e7900000, 0x00000007e7a00000|  0%| F|  |TAMS 0x00000007e7900000, 0x00000007e7900000| Untracked 
| 122|0x00000007e7a00000, 0x00000007e7a00000, 0x00000007e7b00000|  0%| F|  |TAMS 0x00000007e7a00000, 0x00000007e7a00000| Untracked 
| 123|0x00000007e7b00000, 0x00000007e7b00000, 0x00000007e7c00000|  0%| F|  |TAMS 0x00000007e7b00000, 0x00000007e7b00000| Untracked 
| 124|0x00000007e7c00000, 0x00000007e7c00000, 0x00000007e7d00000|  0%| F|  |TAMS 0x00000007e7c00000, 0x00000007e7c00000| Untracked 
| 125|0x00000007e7d00000, 0x00000007e7d00000, 0x00000007e7e00000|  0%| F|  |TAMS 0x00000007e7d00000, 0x00000007e7d00000| Untracked 
| 126|0x00000007e7e00000, 0x00000007e7e00000, 0x00000007e7f00000|  0%| F|  |TAMS 0x00000007e7e00000, 0x00000007e7e00000| Untracked 
| 127|0x00000007e7f00000, 0x00000007e7f00000, 0x00000007e8000000|  0%| F|  |TAMS 0x00000007e7f00000, 0x00000007e7f00000| Untracked 
| 128|0x00000007e8000000, 0x00000007e8000000, 0x00000007e8100000|  0%| F|  |TAMS 0x00000007e8000000, 0x00000007e8000000| Untracked 
| 129|0x00000007e8100000, 0x00000007e8100000, 0x00000007e8200000|  0%| F|  |TAMS 0x00000007e8100000, 0x00000007e8100000| Untracked 
| 130|0x00000007e8200000, 0x00000007e8200000, 0x00000007e8300000|  0%| F|  |TAMS 0x00000007e8200000, 0x00000007e8200000| Untracked 
| 131|0x00000007e8300000, 0x00000007e8300000, 0x00000007e8400000|  0%| F|  |TAMS 0x00000007e8300000, 0x00000007e8300000| Untracked 
| 132|0x00000007e8400000, 0x00000007e8400000, 0x00000007e8500000|  0%| F|  |TAMS 0x00000007e8400000, 0x00000007e8400000| Untracked 
| 133|0x00000007e8500000, 0x00000007e8500000, 0x00000007e8600000|  0%| F|  |TAMS 0x00000007e8500000, 0x00000007e8500000| Untracked 
| 134|0x00000007e8600000, 0x00000007e8600000, 0x00000007e8700000|  0%| F|  |TAMS 0x00000007e8600000, 0x00000007e8600000| Untracked 
| 135|0x00000007e8700000, 0x00000007e8700000, 0x00000007e8800000|  0%| F|  |TAMS 0x00000007e8700000, 0x00000007e8700000| Untracked 
| 136|0x00000007e8800000, 0x00000007e8800000, 0x00000007e8900000|  0%| F|  |TAMS 0x00000007e8800000, 0x00000007e8800000| Untracked 
| 137|0x00000007e8900000, 0x00000007e8900000, 0x00000007e8a00000|  0%| F|  |TAMS 0x00000007e8900000, 0x00000007e8900000| Untracked 
| 138|0x00000007e8a00000, 0x00000007e8a00000, 0x00000007e8b00000|  0%| F|  |TAMS 0x00000007e8a00000, 0x00000007e8a00000| Untracked 
| 139|0x00000007e8b00000, 0x00000007e8b00000, 0x00000007e8c00000|  0%| F|  |TAMS 0x00000007e8b00000, 0x00000007e8b00000| Untracked 
| 140|0x00000007e8c00000, 0x00000007e8c00000, 0x00000007e8d00000|  0%| F|  |TAMS 0x00000007e8c00000, 0x00000007e8c00000| Untracked 
| 141|0x00000007e8d00000, 0x00000007e8d00000, 0x00000007e8e00000|  0%| F|  |TAMS 0x00000007e8d00000, 0x00000007e8d00000| Untracked 
| 142|0x00000007e8e00000, 0x00000007e8e00000, 0x00000007e8f00000|  0%| F|  |TAMS 0x00000007e8e00000, 0x00000007e8e00000| Untracked 
| 143|0x00000007e8f00000, 0x00000007e8f00000, 0x00000007e9000000|  0%| F|  |TAMS 0x00000007e8f00000, 0x00000007e8f00000| Untracked 
| 144|0x00000007e9000000, 0x00000007e9000000, 0x00000007e9100000|  0%| F|  |TAMS 0x00000007e9000000, 0x00000007e9000000| Untracked 
| 145|0x00000007e9100000, 0x00000007e9100000, 0x00000007e9200000|  0%| F|  |TAMS 0x00000007e9100000, 0x00000007e9100000| Untracked 
| 146|0x00000007e9200000, 0x00000007e9200000, 0x00000007e9300000|  0%| F|  |TAMS 0x00000007e9200000, 0x00000007e9200000| Untracked 
| 147|0x00000007e9300000, 0x00000007e9300000, 0x00000007e9400000|  0%| F|  |TAMS 0x00000007e9300000, 0x00000007e9300000| Untracked 
| 148|0x00000007e9400000, 0x00000007e9400000, 0x00000007e9500000|  0%| F|  |TAMS 0x00000007e9400000, 0x00000007e9400000| Untracked 
| 149|0x00000007e9500000, 0x00000007e9500000, 0x00000007e9600000|  0%| F|  |TAMS 0x00000007e9500000, 0x00000007e9500000| Untracked 
| 150|0x00000007e9600000, 0x00000007e9600000, 0x00000007e9700000|  0%| F|  |TAMS 0x00000007e9600000, 0x00000007e9600000| Untracked 
| 151|0x00000007e9700000, 0x00000007e9700000, 0x00000007e9800000|  0%| F|  |TAMS 0x00000007e9700000, 0x00000007e9700000| Untracked 
| 152|0x00000007e9800000, 0x00000007e9800000, 0x00000007e9900000|  0%| F|  |TAMS 0x00000007e9800000, 0x00000007e9800000| Untracked 
| 153|0x00000007e9900000, 0x00000007e9900000, 0x00000007e9a00000|  0%| F|  |TAMS 0x00000007e9900000, 0x00000007e9900000| Untracked 
| 154|0x00000007e9a00000, 0x00000007e9a00000, 0x00000007e9b00000|  0%| F|  |TAMS 0x00000007e9a00000, 0x00000007e9a00000| Untracked 
| 155|0x00000007e9b00000, 0x00000007e9b00000, 0x00000007e9c00000|  0%| F|  |TAMS 0x00000007e9b00000, 0x00000007e9b00000| Untracked 
| 156|0x00000007e9c00000, 0x00000007e9c00000, 0x00000007e9d00000|  0%| F|  |TAMS 0x00000007e9c00000, 0x00000007e9c00000| Untracked 
| 157|0x00000007e9d00000, 0x00000007e9d00000, 0x00000007e9e00000|  0%| F|  |TAMS 0x00000007e9d00000, 0x00000007e9d00000| Untracked 
| 158|0x00000007e9e00000, 0x00000007e9e00000, 0x00000007e9f00000|  0%| F|  |TAMS 0x00000007e9e00000, 0x00000007e9e00000| Untracked 
| 159|0x00000007e9f00000, 0x00000007e9f00000, 0x00000007ea000000|  0%| F|  |TAMS 0x00000007e9f00000, 0x00000007e9f00000| Untracked 
| 160|0x00000007ea000000, 0x00000007ea000000, 0x00000007ea100000|  0%| F|  |TAMS 0x00000007ea000000, 0x00000007ea000000| Untracked 
| 161|0x00000007ea100000, 0x00000007ea100000, 0x00000007ea200000|  0%| F|  |TAMS 0x00000007ea100000, 0x00000007ea100000| Untracked 
| 162|0x00000007ea200000, 0x00000007ea200000, 0x00000007ea300000|  0%| F|  |TAMS 0x00000007ea200000, 0x00000007ea200000| Untracked 
| 163|0x00000007ea300000, 0x00000007ea300000, 0x00000007ea400000|  0%| F|  |TAMS 0x00000007ea300000, 0x00000007ea300000| Untracked 
| 164|0x00000007ea400000, 0x00000007ea400000, 0x00000007ea500000|  0%| F|  |TAMS 0x00000007ea400000, 0x00000007ea400000| Untracked 
| 165|0x00000007ea500000, 0x00000007ea500000, 0x00000007ea600000|  0%| F|  |TAMS 0x00000007ea500000, 0x00000007ea500000| Untracked 
| 166|0x00000007ea600000, 0x00000007ea600000, 0x00000007ea700000|  0%| F|  |TAMS 0x00000007ea600000, 0x00000007ea600000| Untracked 
| 167|0x00000007ea700000, 0x00000007ea700000, 0x00000007ea800000|  0%| F|  |TAMS 0x00000007ea700000, 0x00000007ea700000| Untracked 
| 168|0x00000007ea800000, 0x00000007ea800000, 0x00000007ea900000|  0%| F|  |TAMS 0x00000007ea800000, 0x00000007ea800000| Untracked 
| 169|0x00000007ea900000, 0x00000007ea900000, 0x00000007eaa00000|  0%| F|  |TAMS 0x00000007ea900000, 0x00000007ea900000| Untracked 
| 170|0x00000007eaa00000, 0x00000007eaa00000, 0x00000007eab00000|  0%| F|  |TAMS 0x00000007eaa00000, 0x00000007eaa00000| Untracked 
| 171|0x00000007eab00000, 0x00000007eab00000, 0x00000007eac00000|  0%| F|  |TAMS 0x00000007eab00000, 0x00000007eab00000| Untracked 
| 172|0x00000007eac00000, 0x00000007eac00000, 0x00000007ead00000|  0%| F|  |TAMS 0x00000007eac00000, 0x00000007eac00000| Untracked 
| 173|0x00000007ead00000, 0x00000007ead00000, 0x00000007eae00000|  0%| F|  |TAMS 0x00000007ead00000, 0x00000007ead00000| Untracked 
| 174|0x00000007eae00000, 0x00000007eae00000, 0x00000007eaf00000|  0%| F|  |TAMS 0x00000007eae00000, 0x00000007eae00000| Untracked 
| 175|0x00000007eaf00000, 0x00000007eaf00000, 0x00000007eb000000|  0%| F|  |TAMS 0x00000007eaf00000, 0x00000007eaf00000| Untracked 
| 176|0x00000007eb000000, 0x00000007eb000000, 0x00000007eb100000|  0%| F|  |TAMS 0x00000007eb000000, 0x00000007eb000000| Untracked 
| 177|0x00000007eb100000, 0x00000007eb100000, 0x00000007eb200000|  0%| F|  |TAMS 0x00000007eb100000, 0x00000007eb100000| Untracked 
| 178|0x00000007eb200000, 0x00000007eb200000, 0x00000007eb300000|  0%| F|  |TAMS 0x00000007eb200000, 0x00000007eb200000| Untracked 
| 179|0x00000007eb300000, 0x00000007eb300000, 0x00000007eb400000|  0%| F|  |TAMS 0x00000007eb300000, 0x00000007eb300000| Untracked 
| 180|0x00000007eb400000, 0x00000007eb400000, 0x00000007eb500000|  0%| F|  |TAMS 0x00000007eb400000, 0x00000007eb400000| Untracked 
| 181|0x00000007eb500000, 0x00000007eb500000, 0x00000007eb600000|  0%| F|  |TAMS 0x00000007eb500000, 0x00000007eb500000| Untracked 
| 182|0x00000007eb600000, 0x00000007eb600000, 0x00000007eb700000|  0%| F|  |TAMS 0x00000007eb600000, 0x00000007eb600000| Untracked 
| 183|0x00000007eb700000, 0x00000007eb700000, 0x00000007eb800000|  0%| F|  |TAMS 0x00000007eb700000, 0x00000007eb700000| Untracked 
| 184|0x00000007eb800000, 0x00000007eb800000, 0x00000007eb900000|  0%| F|  |TAMS 0x00000007eb800000, 0x00000007eb800000| Untracked 
| 185|0x00000007eb900000, 0x00000007eb900000, 0x00000007eba00000|  0%| F|  |TAMS 0x00000007eb900000, 0x00000007eb900000| Untracked 
| 186|0x00000007eba00000, 0x00000007eba00000, 0x00000007ebb00000|  0%| F|  |TAMS 0x00000007eba00000, 0x00000007eba00000| Untracked 
| 187|0x00000007ebb00000, 0x00000007ebb00000, 0x00000007ebc00000|  0%| F|  |TAMS 0x00000007ebb00000, 0x00000007ebb00000| Untracked 
| 188|0x00000007ebc00000, 0x00000007ebc00000, 0x00000007ebd00000|  0%| F|  |TAMS 0x00000007ebc00000, 0x00000007ebc00000| Untracked 
| 189|0x00000007ebd00000, 0x00000007ebd00000, 0x00000007ebe00000|  0%| F|  |TAMS 0x00000007ebd00000, 0x00000007ebd00000| Untracked 
| 190|0x00000007ebe00000, 0x00000007ebe00000, 0x00000007ebf00000|  0%| F|  |TAMS 0x00000007ebe00000, 0x00000007ebe00000| Untracked 
| 191|0x00000007ebf00000, 0x00000007ebf00000, 0x00000007ec000000|  0%| F|  |TAMS 0x00000007ebf00000, 0x00000007ebf00000| Untracked 
| 192|0x00000007ec000000, 0x00000007ec000000, 0x00000007ec100000|  0%| F|  |TAMS 0x00000007ec000000, 0x00000007ec000000| Untracked 
| 193|0x00000007ec100000, 0x00000007ec100000, 0x00000007ec200000|  0%| F|  |TAMS 0x00000007ec100000, 0x00000007ec100000| Untracked 
| 194|0x00000007ec200000, 0x00000007ec200000, 0x00000007ec300000|  0%| F|  |TAMS 0x00000007ec200000, 0x00000007ec200000| Untracked 
| 195|0x00000007ec300000, 0x00000007ec300000, 0x00000007ec400000|  0%| F|  |TAMS 0x00000007ec300000, 0x00000007ec300000| Untracked 
| 196|0x00000007ec400000, 0x00000007ec400000, 0x00000007ec500000|  0%| F|  |TAMS 0x00000007ec400000, 0x00000007ec400000| Untracked 
| 197|0x00000007ec500000, 0x00000007ec500000, 0x00000007ec600000|  0%| F|  |TAMS 0x00000007ec500000, 0x00000007ec500000| Untracked 
| 198|0x00000007ec600000, 0x00000007ec600000, 0x00000007ec700000|  0%| F|  |TAMS 0x00000007ec600000, 0x00000007ec600000| Untracked 
| 199|0x00000007ec700000, 0x00000007ec700000, 0x00000007ec800000|  0%| F|  |TAMS 0x00000007ec700000, 0x00000007ec700000| Untracked 
| 200|0x00000007ec800000, 0x00000007ec800000, 0x00000007ec900000|  0%| F|  |TAMS 0x00000007ec800000, 0x00000007ec800000| Untracked 
| 201|0x00000007ec900000, 0x00000007ec900000, 0x00000007eca00000|  0%| F|  |TAMS 0x00000007ec900000, 0x00000007ec900000| Untracked 
| 202|0x00000007eca00000, 0x00000007eca00000, 0x00000007ecb00000|  0%| F|  |TAMS 0x00000007eca00000, 0x00000007eca00000| Untracked 
| 203|0x00000007ecb00000, 0x00000007ecb00000, 0x00000007ecc00000|  0%| F|  |TAMS 0x00000007ecb00000, 0x00000007ecb00000| Untracked 
| 204|0x00000007ecc00000, 0x00000007ecc00000, 0x00000007ecd00000|  0%| F|  |TAMS 0x00000007ecc00000, 0x00000007ecc00000| Untracked 
| 205|0x00000007ecd00000, 0x00000007ecd00000, 0x00000007ece00000|  0%| F|  |TAMS 0x00000007ecd00000, 0x00000007ecd00000| Untracked 
| 206|0x00000007ece00000, 0x00000007ece00000, 0x00000007ecf00000|  0%| F|  |TAMS 0x00000007ece00000, 0x00000007ece00000| Untracked 
| 207|0x00000007ecf00000, 0x00000007ecf00000, 0x00000007ed000000|  0%| F|  |TAMS 0x00000007ecf00000, 0x00000007ecf00000| Untracked 
| 208|0x00000007ed000000, 0x00000007ed000000, 0x00000007ed100000|  0%| F|  |TAMS 0x00000007ed000000, 0x00000007ed000000| Untracked 
| 209|0x00000007ed100000, 0x00000007ed100000, 0x00000007ed200000|  0%| F|  |TAMS 0x00000007ed100000, 0x00000007ed100000| Untracked 
| 210|0x00000007ed200000, 0x00000007ed200000, 0x00000007ed300000|  0%| F|  |TAMS 0x00000007ed200000, 0x00000007ed200000| Untracked 
| 211|0x00000007ed300000, 0x00000007ed300000, 0x00000007ed400000|  0%| F|  |TAMS 0x00000007ed300000, 0x00000007ed300000| Untracked 
| 212|0x00000007ed400000, 0x00000007ed400000, 0x00000007ed500000|  0%| F|  |TAMS 0x00000007ed400000, 0x00000007ed400000| Untracked 
| 213|0x00000007ed500000, 0x00000007ed500000, 0x00000007ed600000|  0%| F|  |TAMS 0x00000007ed500000, 0x00000007ed500000| Untracked 
| 214|0x00000007ed600000, 0x00000007ed600000, 0x00000007ed700000|  0%| F|  |TAMS 0x00000007ed600000, 0x00000007ed600000| Untracked 
| 215|0x00000007ed700000, 0x00000007ed700000, 0x00000007ed800000|  0%| F|  |TAMS 0x00000007ed700000, 0x00000007ed700000| Untracked 
| 216|0x00000007ed800000, 0x00000007ed800000, 0x00000007ed900000|  0%| F|  |TAMS 0x00000007ed800000, 0x00000007ed800000| Untracked 
| 217|0x00000007ed900000, 0x00000007ed900000, 0x00000007eda00000|  0%| F|  |TAMS 0x00000007ed900000, 0x00000007ed900000| Untracked 
| 218|0x00000007eda00000, 0x00000007eda00000, 0x00000007edb00000|  0%| F|  |TAMS 0x00000007eda00000, 0x00000007eda00000| Untracked 
| 219|0x00000007edb00000, 0x00000007edb00000, 0x00000007edc00000|  0%| F|  |TAMS 0x00000007edb00000, 0x00000007edb00000| Untracked 
| 220|0x00000007edc00000, 0x00000007edc00000, 0x00000007edd00000|  0%| F|  |TAMS 0x00000007edc00000, 0x00000007edc00000| Untracked 
| 221|0x00000007edd00000, 0x00000007edd4fed0, 0x00000007ede00000| 31%| E|  |TAMS 0x00000007edd00000, 0x00000007edd00000| Complete 
| 222|0x00000007ede00000, 0x00000007edf00000, 0x00000007edf00000|100%| E|CS|TAMS 0x00000007ede00000, 0x00000007ede00000| Complete 
| 223|0x00000007edf00000, 0x00000007ee000000, 0x00000007ee000000|100%| E|CS|TAMS 0x00000007edf00000, 0x00000007edf00000| Complete 
| 224|0x00000007ee000000, 0x00000007ee100000, 0x00000007ee100000|100%| E|CS|TAMS 0x00000007ee000000, 0x00000007ee000000| Complete 
| 225|0x00000007ee100000, 0x00000007ee200000, 0x00000007ee200000|100%| E|CS|TAMS 0x00000007ee100000, 0x00000007ee100000| Complete 
| 226|0x00000007ee200000, 0x00000007ee300000, 0x00000007ee300000|100%| E|CS|TAMS 0x00000007ee200000, 0x00000007ee200000| Complete 
| 227|0x00000007ee300000, 0x00000007ee400000, 0x00000007ee400000|100%| E|CS|TAMS 0x00000007ee300000, 0x00000007ee300000| Complete 
| 228|0x00000007ee400000, 0x00000007ee500000, 0x00000007ee500000|100%| E|CS|TAMS 0x00000007ee400000, 0x00000007ee400000| Complete 
| 229|0x00000007ee500000, 0x00000007ee600000, 0x00000007ee600000|100%| E|CS|TAMS 0x00000007ee500000, 0x00000007ee500000| Complete 
| 230|0x00000007ee600000, 0x00000007ee700000, 0x00000007ee700000|100%| E|CS|TAMS 0x00000007ee600000, 0x00000007ee600000| Complete 
| 231|0x00000007ee700000, 0x00000007ee800000, 0x00000007ee800000|100%| E|CS|TAMS 0x00000007ee700000, 0x00000007ee700000| Complete 
| 232|0x00000007ee800000, 0x00000007ee900000, 0x00000007ee900000|100%| E|CS|TAMS 0x00000007ee800000, 0x00000007ee800000| Complete 
| 233|0x00000007ee900000, 0x00000007eea00000, 0x00000007eea00000|100%| E|CS|TAMS 0x00000007ee900000, 0x00000007ee900000| Complete 
| 234|0x00000007eea00000, 0x00000007eeb00000, 0x00000007eeb00000|100%| E|CS|TAMS 0x00000007eea00000, 0x00000007eea00000| Complete 
| 235|0x00000007eeb00000, 0x00000007eec00000, 0x00000007eec00000|100%| E|CS|TAMS 0x00000007eeb00000, 0x00000007eeb00000| Complete 
| 236|0x00000007eec00000, 0x00000007eed00000, 0x00000007eed00000|100%| E|CS|TAMS 0x00000007eec00000, 0x00000007eec00000| Complete 
| 237|0x00000007eed00000, 0x00000007eee00000, 0x00000007eee00000|100%| E|CS|TAMS 0x00000007eed00000, 0x00000007eed00000| Complete 
| 238|0x00000007eee00000, 0x00000007eef00000, 0x00000007eef00000|100%| E|CS|TAMS 0x00000007eee00000, 0x00000007eee00000| Complete 
| 239|0x00000007eef00000, 0x00000007ef000000, 0x00000007ef000000|100%| E|CS|TAMS 0x00000007eef00000, 0x00000007eef00000| Complete 
| 240|0x00000007ef000000, 0x00000007ef100000, 0x00000007ef100000|100%| E|CS|TAMS 0x00000007ef000000, 0x00000007ef000000| Complete 
| 241|0x00000007ef100000, 0x00000007ef200000, 0x00000007ef200000|100%| E|CS|TAMS 0x00000007ef100000, 0x00000007ef100000| Complete 
| 242|0x00000007ef200000, 0x00000007ef300000, 0x00000007ef300000|100%| E|CS|TAMS 0x00000007ef200000, 0x00000007ef200000| Complete 
| 243|0x00000007ef300000, 0x00000007ef400000, 0x00000007ef400000|100%| E|CS|TAMS 0x00000007ef300000, 0x00000007ef300000| Complete 
| 244|0x00000007ef400000, 0x00000007ef500000, 0x00000007ef500000|100%| E|CS|TAMS 0x00000007ef400000, 0x00000007ef400000| Complete 
| 245|0x00000007ef500000, 0x00000007ef600000, 0x00000007ef600000|100%| E|CS|TAMS 0x00000007ef500000, 0x00000007ef500000| Complete 
| 246|0x00000007ef600000, 0x00000007ef700000, 0x00000007ef700000|100%| E|CS|TAMS 0x00000007ef600000, 0x00000007ef600000| Complete 
| 247|0x00000007ef700000, 0x00000007ef800000, 0x00000007ef800000|100%| E|CS|TAMS 0x00000007ef700000, 0x00000007ef700000| Complete 
| 248|0x00000007ef800000, 0x00000007ef900000, 0x00000007ef900000|100%| E|CS|TAMS 0x00000007ef800000, 0x00000007ef800000| Complete 
| 249|0x00000007ef900000, 0x00000007efa00000, 0x00000007efa00000|100%| E|CS|TAMS 0x00000007ef900000, 0x00000007ef900000| Complete 
| 250|0x00000007efa00000, 0x00000007efb00000, 0x00000007efb00000|100%| E|CS|TAMS 0x00000007efa00000, 0x00000007efa00000| Complete 
| 251|0x00000007efb00000, 0x00000007efc00000, 0x00000007efc00000|100%| E|CS|TAMS 0x00000007efb00000, 0x00000007efb00000| Complete 
| 254|0x00000007efe00000, 0x00000007eff00000, 0x00000007eff00000|100%| E|CS|TAMS 0x00000007efe00000, 0x00000007efe00000| Complete 
| 255|0x00000007eff00000, 0x00000007f0000000, 0x00000007f0000000|100%| E|CS|TAMS 0x00000007eff00000, 0x00000007eff00000| Complete 
| 510|0x00000007ffe00000, 0x00000007ffe76000, 0x00000007fff00000| 46%|OA|  |TAMS 0x00000007ffe76000, 0x00000007ffe00000| Untracked 
| 511|0x00000007fff00000, 0x00000007fff7f000, 0x0000000800000000| 49%|CA|  |TAMS 0x00000007fff7f000, 0x00000007fff00000| Untracked 

Card table byte_map: [0x0000000111990000,0x0000000111a90000] _byte_map_base: 0x000000010da90000

Marking Bits (Prev, Next): (CMBitMap*) 0x00007fbf4e808210, (CMBitMap*) 0x00007fbf4e808250
 Prev Bits: [0x0000000111b90000, 0x0000000112390000)
 Next Bits: [0x0000000112390000, 0x0000000112b90000)

Polling page: 0x000000010845b000

Metaspace:

Usage:
  Non-class:     45.60 MB used.
      Class:      7.56 MB used.
       Both:     53.16 MB used.

Virtual space:
  Non-class space:       64.00 MB reserved,      45.94 MB ( 72%) committed,  1 nodes.
      Class space:      320.00 MB reserved,       7.81 MB (  2%) committed,  1 nodes.
             Both:      384.00 MB reserved,      53.75 MB ( 14%) committed. 

Chunk freelists:
   Non-Class:  1.30 MB
       Class:  8.17 MB
        Both:  9.47 MB

MaxMetaspaceSize: 384.00 MB
CompressedClassSpaceSize: 320.00 MB
Initial GC threshold: 21.00 MB
Current GC threshold: 58.75 MB
CDS: on
MetaspaceReclaimPolicy: balanced
 - commit_granule_bytes: 65536.
 - commit_granule_words: 8192.
 - virtual_space_node_default_size: 8388608.
 - enlarge_chunks_in_place: 1.
 - new_chunks_are_fully_committed: 0.
 - uncommit_free_chunks: 1.
 - use_allocation_guard: 0.
 - handle_deallocations: 1.


Internal statistics:

num_allocs_failed_limit: 6.
num_arena_births: 642.
num_arena_deaths: 0.
num_vsnodes_births: 2.
num_vsnodes_deaths: 0.
num_space_committed: 860.
num_space_uncommitted: 0.
num_chunks_returned_to_freelist: 6.
num_chunks_taken_from_freelist: 2923.
num_chunk_merges: 3.
num_chunk_splits: 1883.
num_chunks_enlarged: 1234.
num_inconsistent_stats: 0.

CodeHeap 'non-profiled nmethods': size=119168Kb used=3697Kb max_used=3697Kb free=115470Kb
 bounds [0x000000012747a000, 0x000000012781a000, 0x000000012e8da000]
CodeHeap 'profiled nmethods': size=119164Kb used=17285Kb max_used=17285Kb free=101878Kb
 bounds [0x000000011f8da000, 0x00000001209ca000, 0x0000000126d39000]
CodeHeap 'non-nmethods': size=7428Kb used=4006Kb max_used=4099Kb free=3421Kb
 bounds [0x0000000126d39000, 0x0000000127159000, 0x000000012747a000]
 total_blobs=9348 nmethods=8509 adapters=749
 compilation: enabled
              stopped_count=0, restarted_count=0
 full_count=0

Compilation events (20 events):
Event: 5.215 Thread 0x00007fbf7e81f600 9287       3       com.google.common.cache.LocalCache$LocalManualCache::<init> (14 bytes)
Event: 5.215 Thread 0x00007fbf7e81f600 nmethod 9287 0x000000012098e290 code [0x000000012098e460, 0x000000012098e760]
Event: 5.215 Thread 0x00007fbf7f030200 nmethod 9285 0x000000012098e890 code [0x000000012098ea80, 0x000000012098ef80]
Event: 5.215 Thread 0x00007fbf6e809800 nmethod 9286 0x000000012098f190 code [0x000000012098f360, 0x000000012098f720]
Event: 5.223 Thread 0x00007fbf7e9a4e00 9288       3       org.gradle.internal.execution.impl.DefaultFileNormalizationSpec::equals (71 bytes)
Event: 5.224 Thread 0x00007fbf7e9a4e00 nmethod 9288 0x000000012098f890 code [0x000000012098fa60, 0x000000012098ffa0]
Event: 5.232 Thread 0x00007fbf7f030200 9289       3       java.io.DataOutputStream::writeUTF (7 bytes)
Event: 5.232 Thread 0x00007fbf7f030200 nmethod 9289 0x0000000120990110 code [0x00000001209902c0, 0x0000000120990400]
Event: 5.235 Thread 0x00007fbf7e81f600 9290       1       java.io.ObjectStreamField::getName (5 bytes)
Event: 5.235 Thread 0x00007fbf7e81f600 nmethod 9290 0x0000000127814310 code [0x00000001278144a0, 0x0000000127814570]
Event: 5.242 Thread 0x00007fbf7e81f600 9293       3       jdk.internal.org.objectweb.asm.ClassWriter::visitSource (39 bytes)
Event: 5.242 Thread 0x00007fbf7e81f600 nmethod 9293 0x0000000120990490 code [0x0000000120990660, 0x0000000120990b10]
Event: 5.244 Thread 0x00007fbf7f030200 9294       1       org.gradle.api.internal.file.pattern.FixedStepPathMatcher::getMinSegments (5 bytes)
Event: 5.244 Thread 0x00007fbf7e9a4e00 9295       1       org.gradle.api.internal.file.pattern.FixedStepPathMatcher::getMaxSegments (5 bytes)
Event: 5.245 Thread 0x00007fbf7f030200 nmethod 9294 0x0000000127814910 code [0x0000000127814aa0, 0x0000000127814b70]
Event: 5.245 Thread 0x00007fbf7e9a4e00 nmethod 9295 0x0000000127814c10 code [0x0000000127814da0, 0x0000000127814e70]
Event: 5.245 Thread 0x00007fbf6e809800 9296       3       org.gradle.api.internal.file.pattern.FixedStepPathMatcher::matches (54 bytes)
Event: 5.245 Thread 0x00007fbf7e81f600 9297       3       sun.security.provider.DigestBase::engineReset (33 bytes)
Event: 5.245 Thread 0x00007fbf7e81f600 nmethod 9297 0x0000000120990c90 code [0x0000000120990e60, 0x00000001209910f0]
Event: 5.245 Thread 0x00007fbf6e809800 nmethod 9296 0x0000000120991190 code [0x0000000120991360, 0x0000000120991750]

GC Heap History (12 events):
Event: 0.346 GC heap before
{Heap before GC invocations=0 (full 0):
 garbage-first heap   total 264192K, used 27604K [0x00000007e0000000, 0x0000000800000000)
  region size 1024K, 23 young (23552K), 0 survivors (0K)
 Metaspace       used 2556K, committed 2688K, reserved 393216K
  class space    used 301K, committed 384K, reserved 327680K
}
Event: 0.349 GC heap after
{Heap after GC invocations=1 (full 0):
 garbage-first heap   total 264192K, used 11715K [0x00000007e0000000, 0x0000000800000000)
  region size 1024K, 3 young (3072K), 3 survivors (3072K)
 Metaspace       used 2556K, committed 2688K, reserved 393216K
  class space    used 301K, committed 384K, reserved 327680K
}
Event: 0.585 GC heap before
{Heap before GC invocations=1 (full 0):
 garbage-first heap   total 264192K, used 47555K [0x00000007e0000000, 0x0000000800000000)
  region size 1024K, 36 young (36864K), 3 survivors (3072K)
 Metaspace       used 4137K, committed 4352K, reserved 393216K
  class space    used 513K, committed 640K, reserved 327680K
}
Event: 0.587 GC heap after
{Heap after GC invocations=2 (full 0):
 garbage-first heap   total 264192K, used 17150K [0x00000007e0000000, 0x0000000800000000)
  region size 1024K, 5 young (5120K), 5 survivors (5120K)
 Metaspace       used 4137K, committed 4352K, reserved 393216K
  class space    used 513K, committed 640K, reserved 327680K
}
Event: 1.788 GC heap before
{Heap before GC invocations=2 (full 0):
 garbage-first heap   total 264192K, used 123646K [0x00000007e0000000, 0x0000000800000000)
  region size 1024K, 110 young (112640K), 5 survivors (5120K)
 Metaspace       used 21202K, committed 21504K, reserved 393216K
  class space    used 3152K, committed 3328K, reserved 327680K
}
Event: 1.793 GC heap after
{Heap after GC invocations=3 (full 0):
 garbage-first heap   total 264192K, used 23719K [0x00000007e0000000, 0x0000000800000000)
  region size 1024K, 11 young (11264K), 11 survivors (11264K)
 Metaspace       used 21202K, committed 21504K, reserved 393216K
  class space    used 3152K, committed 3328K, reserved 327680K
}
Event: 2.888 GC heap before
{Heap before GC invocations=4 (full 0):
 garbage-first heap   total 262144K, used 147623K [0x00000007e0000000, 0x0000000800000000)
  region size 1024K, 129 young (132096K), 11 survivors (11264K)
 Metaspace       used 35568K, committed 35968K, reserved 393216K
  class space    used 5031K, committed 5248K, reserved 327680K
}
Event: 2.899 GC heap after
{Heap after GC invocations=5 (full 0):
 garbage-first heap   total 262144K, used 33230K [0x00000007e0000000, 0x0000000800000000)
  region size 1024K, 16 young (16384K), 16 survivors (16384K)
 Metaspace       used 35568K, committed 35968K, reserved 393216K
  class space    used 5031K, committed 5248K, reserved 327680K
}
Event: 4.023 GC heap before
{Heap before GC invocations=6 (full 0):
 garbage-first heap   total 262144K, used 174542K [0x00000007e0000000, 0x0000000800000000)
  region size 1024K, 153 young (156672K), 16 survivors (16384K)
 Metaspace       used 48278K, committed 48832K, reserved 393216K
  class space    used 6996K, committed 7232K, reserved 327680K
}
Event: 4.034 GC heap after
{Heap after GC invocations=7 (full 0):
 garbage-first heap   total 262144K, used 40690K [0x00000007e0000000, 0x0000000800000000)
  region size 1024K, 17 young (17408K), 17 survivors (17408K)
 Metaspace       used 48278K, committed 48832K, reserved 393216K
  class space    used 6996K, committed 7232K, reserved 327680K
}
Event: 5.074 GC heap before
{Heap before GC invocations=7 (full 0):
 garbage-first heap   total 262144K, used 178930K [0x00000007e0000000, 0x0000000800000000)
  region size 1024K, 153 young (156672K), 17 survivors (17408K)
 Metaspace       used 52978K, committed 53504K, reserved 393216K
  class space    used 7506K, committed 7744K, reserved 327680K
}
Event: 5.084 GC heap after
{Heap after GC invocations=8 (full 0):
 garbage-first heap   total 262144K, used 51885K [0x00000007e0000000, 0x0000000800000000)
  region size 1024K, 19 young (19456K), 19 survivors (19456K)
 Metaspace       used 52978K, committed 53504K, reserved 393216K
  class space    used 7506K, committed 7744K, reserved 327680K
}

Dll operation events (13 events):
Event: 0.007 Loaded shared library /Library/Java/JavaVirtualMachines/amazon-corretto-17.jdk/Contents/Home/lib/libjava.dylib
Event: 0.056 Loaded shared library /Library/Java/JavaVirtualMachines/amazon-corretto-17.jdk/Contents/Home/lib/libzip.dylib
Event: 0.057 Loaded shared library /Library/Java/JavaVirtualMachines/amazon-corretto-17.jdk/Contents/Home/lib/libinstrument.dylib
Event: 0.061 Loaded shared library /Library/Java/JavaVirtualMachines/amazon-corretto-17.jdk/Contents/Home/lib/libnio.dylib
Event: 0.065 Loaded shared library /Library/Java/JavaVirtualMachines/amazon-corretto-17.jdk/Contents/Home/lib/libzip.dylib
Event: 0.162 Loaded shared library /Library/Java/JavaVirtualMachines/amazon-corretto-17.jdk/Contents/Home/lib/libjimage.dylib
Event: 0.225 Loaded shared library /Library/Java/JavaVirtualMachines/amazon-corretto-17.jdk/Contents/Home/lib/libverify.dylib
Event: 0.319 Loaded shared library /Library/Java/JavaVirtualMachines/amazon-corretto-17.jdk/Contents/Home/lib/libnet.dylib
Event: 0.323 Loaded shared library /Users/vikasmalviya/.gradle/native/c067742578af261105cb4f569cf0c3c89f3d7b1fecec35dd04571415982c5e48/osx-amd64/libnative-platform.dylib
Event: 0.329 Loaded shared library /Users/vikasmalviya/.gradle/native/100fb08df4bc3b14c8652ba06237920a3bd2aa13389f12d3474272988ae205f9/osx-amd64/libnative-platform-file-events.dylib
Event: 0.738 Loaded shared library /Library/Java/JavaVirtualMachines/amazon-corretto-17.jdk/Contents/Home/lib/libmanagement.dylib
Event: 0.739 Loaded shared library /Library/Java/JavaVirtualMachines/amazon-corretto-17.jdk/Contents/Home/lib/libmanagement_ext.dylib
Event: 0.822 Loaded shared library /Library/Java/JavaVirtualMachines/amazon-corretto-17.jdk/Contents/Home/lib/libextnet.dylib

Deoptimization events (20 events):
Event: 5.226 Thread 0x00007fbf4f23f200 Uncommon trap: trap_request=0xffffffde fr.pc=0x000000012771a544 relative=0x00000000000001a4
Event: 5.226 Thread 0x00007fbf4f23f200 Uncommon trap: reason=class_check action=maybe_recompile pc=0x000000012771a544 method=java.util.stream.StreamOpFlag.fromCharacteristics(Ljava/util/Spliterator;)I @ 14 c2
Event: 5.226 Thread 0x00007fbf4f23f200 DEOPT PACKING pc=0x000000012771a544 sp=0x000070001d438a30
Event: 5.226 Thread 0x00007fbf4f23f200 DEOPT UNPACKING pc=0x0000000126d8f699 sp=0x000070001d438918 mode 2
Event: 5.229 Thread 0x00007fbf4f23f200 DEOPT PACKING pc=0x0000000120499d9c sp=0x000070001d438ce0
Event: 5.229 Thread 0x00007fbf4f23f200 DEOPT UNPACKING pc=0x0000000126d8fe2f sp=0x000070001d4381c0 mode 0
Event: 5.232 Thread 0x00007fbf7f3b4a00 Uncommon trap: trap_request=0xffffff76 fr.pc=0x00000001277b8e44 relative=0x0000000000000864
Event: 5.232 Thread 0x00007fbf7f3b4a00 Uncommon trap: reason=predicate action=maybe_recompile pc=0x00000001277b8e44 method=sun.security.provider.DigestBase.implCompressMultiBlock0([BII)I @ 2 c2
Event: 5.232 Thread 0x00007fbf7f3b4a00 DEOPT PACKING pc=0x00000001277b8e44 sp=0x0000700010bbfe80
Event: 5.232 Thread 0x00007fbf7f3b4a00 DEOPT UNPACKING pc=0x0000000126d8f699 sp=0x0000700010bbfd60 mode 2
Event: 5.246 Thread 0x00007fbf4f23f200 Uncommon trap: trap_request=0xffffff45 fr.pc=0x00000001277ca710 relative=0x00000000000001f0
Event: 5.246 Thread 0x00007fbf4f23f200 Uncommon trap: reason=unstable_if action=reinterpret pc=0x00000001277ca710 method=com.google.common.collect.RegularImmutableSet.contains(Ljava/lang/Object;)Z @ 11 c2
Event: 5.246 Thread 0x00007fbf4f23f200 DEOPT PACKING pc=0x00000001277ca710 sp=0x000070001d434db0
Event: 5.246 Thread 0x00007fbf4f23f200 DEOPT UNPACKING pc=0x0000000126d8f699 sp=0x000070001d434d68 mode 2
Event: 5.253 Thread 0x00007fbf4f23f200 DEOPT PACKING pc=0x0000000120424b4c sp=0x000070001d435ab0
Event: 5.253 Thread 0x00007fbf4f23f200 DEOPT UNPACKING pc=0x0000000126d8fe2f sp=0x000070001d435000 mode 0
Event: 5.253 Thread 0x00007fbf4f23f200 DEOPT PACKING pc=0x0000000120424b4c sp=0x000070001d435eb0
Event: 5.253 Thread 0x00007fbf4f23f200 DEOPT UNPACKING pc=0x0000000126d8fe2f sp=0x000070001d435400 mode 0
Event: 5.253 Thread 0x00007fbf4f23f200 DEOPT PACKING pc=0x0000000120424b4c sp=0x000070001d4362a0
Event: 5.253 Thread 0x00007fbf4f23f200 DEOPT UNPACKING pc=0x0000000126d8fe2f sp=0x000070001d4357f0 mode 0

Classes unloaded (0 events):
No events

Classes redefined (0 events):
No events

Internal exceptions (20 events):
Event: 4.874 Thread 0x00007fbf7ead6e00 Implicit null exception at 0x0000000127491554 to 0x0000000127491b68
Event: 5.176 Thread 0x00007fbf7ead6e00 Exception <a 'java/lang/ClassNotFoundException'{0x00000007ee735918}: com/google/common/collect/RegularImmutableListBeanInfo> (0x00000007ee735918) 
thrown [src/hotspot/share/classfile/systemDictionary.cpp, line 256]
Event: 5.176 Thread 0x00007fbf7ead6e00 Exception <a 'java/lang/ClassNotFoundException'{0x00000007ee740438}: com/google/common/collect/ImmutableListBeanInfo> (0x00000007ee740438) 
thrown [src/hotspot/share/classfile/systemDictionary.cpp, line 256]
Event: 5.176 Thread 0x00007fbf7ead6e00 Exception <a 'java/lang/ClassNotFoundException'{0x00000007ee74b268}: com/google/common/collect/ImmutableCollectionBeanInfo> (0x00000007ee74b268) 
thrown [src/hotspot/share/classfile/systemDictionary.cpp, line 256]
Event: 5.176 Thread 0x00007fbf7ead6e00 Exception <a 'java/lang/ClassNotFoundException'{0x00000007ee756140}: com/google/common/collect/ImmutableCollectionCustomizer> (0x00000007ee756140) 
thrown [src/hotspot/share/classfile/systemDictionary.cpp, line 256]
Event: 5.177 Thread 0x00007fbf7ead6e00 Exception <a 'java/lang/ClassNotFoundException'{0x00000007ee770230}: com/google/common/collect/ImmutableListCustomizer> (0x00000007ee770230) 
thrown [src/hotspot/share/classfile/systemDictionary.cpp, line 256]
Event: 5.179 Thread 0x00007fbf7ead6e00 Exception <a 'java/lang/ClassNotFoundException'{0x00000007ee7b0ba8}: com/google/common/collect/RegularImmutableListCustomizer> (0x00000007ee7b0ba8) 
thrown [src/hotspot/share/classfile/systemDictionary.cpp, line 256]
Event: 5.203 Thread 0x00007fbf4f23f200 Exception <a 'java/lang/NoSuchMethodError'{0x00000007ee4d9240}: 'void java.lang.invoke.DirectMethodHandle$Holder.invokeSpecial(java.lang.Object, java.lang.Object, java.lang.Object, java.lang.Object, int, java.lang.Object, java.lang.Object)'> (0x00000007ee4d9240) 
thrown [src/hotspot/share/interpreter/linkResolver.cpp, line 759]
Event: 5.210 Thread 0x00007fbf4f23f200 Exception <a 'java/lang/NoSuchMethodError'{0x00000007ee370620}: 'void java.lang.invoke.DirectMethodHandle$Holder.invokeInterface(java.lang.Object, java.lang.Object, java.lang.Object, java.lang.Object)'> (0x00000007ee370620) 
thrown [src/hotspot/share/interpreter/linkResolver.cpp, line 759]
Event: 5.232 Thread 0x00007fbf7f3b4a00 Exception <a 'java/lang/NoSuchMethodError'{0x00000007ee192948}: static Lorg/gradle/internal/build/event/types/DefaultTaskStartedProgressEvent;.<clinit>()V> (0x00000007ee192948) 
thrown [src/hotspot/share/prims/jni.cpp, line 1107]
Event: 5.232 Thread 0x00007fbf7f3b4a00 Exception <a 'java/lang/NoSuchMethodError'{0x00000007ee1949b0}: static Lorg/gradle/internal/build/event/types/AbstractProgressEvent;.<clinit>()V> (0x00000007ee1949b0) 
thrown [src/hotspot/share/prims/jni.cpp, line 1107]
Event: 5.233 Thread 0x00007fbf7f3b4a00 Exception <a 'java/lang/NoSuchMethodError'{0x00000007ee1c1fd0}: static Lorg/gradle/internal/build/event/types/DefaultTaskDescriptor;.<clinit>()V> (0x00000007ee1c1fd0) 
thrown [src/hotspot/share/prims/jni.cpp, line 1107]
Event: 5.235 Thread 0x00007fbf7f3b4a00 Exception <a 'java/lang/NoSuchMethodError'{0x00000007ee027c60}: static Lorg/gradle/internal/operations/OperationIdentifier;.<clinit>()V> (0x00000007ee027c60) 
thrown [src/hotspot/share/prims/jni.cpp, line 1107]
Event: 5.235 Thread 0x00007fbf4f23f200 Exception <a 'sun/nio/fs/UnixException'{0x00000007ee02fee0}> (0x00000007ee02fee0) 
thrown [src/hotspot/share/prims/jni.cpp, line 516]
Event: 5.235 Thread 0x00007fbf7f3b4a00 Exception <a 'java/lang/NoSuchMethodError'{0x00000007ee03cd28}: static Lorg/gradle/internal/build/event/types/DefaultBinaryPluginIdentifier;.<clinit>()V> (0x00000007ee03cd28) 
thrown [src/hotspot/share/prims/jni.cpp, line 1107]
Event: 5.236 Thread 0x00007fbf4f23f200 Exception <a 'sun/nio/fs/UnixException'{0x00000007ee031ee8}> (0x00000007ee031ee8) 
thrown [src/hotspot/share/prims/jni.cpp, line 516]
Event: 5.236 Thread 0x00007fbf4f23f200 Exception <a 'sun/nio/fs/UnixException'{0x00000007ee033d88}> (0x00000007ee033d88) 
thrown [src/hotspot/share/prims/jni.cpp, line 516]
Event: 5.236 Thread 0x00007fbf4f23f200 Exception <a 'sun/nio/fs/UnixException'{0x00000007ee0358c8}> (0x00000007ee0358c8) 
thrown [src/hotspot/share/prims/jni.cpp, line 516]
Event: 5.256 Thread 0x00007fbf4f23f200 Exception <a 'java/lang/IncompatibleClassChangeError'{0x00000007edf96540}: Found class java.lang.Object, but interface was expected> (0x00000007edf96540) 
thrown [src/hotspot/share/interpreter/linkResolver.cpp, line 826]
Event: 5.257 Thread 0x00007fbf4f23f200 Exception <a 'java/lang/NoSuchMethodError'{0x00000007edfa75d0}: static Ljava/lang/Object;.<clinit>()V> (0x00000007edfa75d0) 
thrown [src/hotspot/share/prims/jni.cpp, line 1107]

VM Operations (20 events):
Event: 4.834 Executing VM operation: ICBufferFull
Event: 4.834 Executing VM operation: ICBufferFull done
Event: 4.880 Executing VM operation: HandshakeAllThreads
Event: 4.880 Executing VM operation: HandshakeAllThreads done
Event: 5.010 Executing VM operation: ICBufferFull
Event: 5.011 Executing VM operation: ICBufferFull done
Event: 5.074 Executing VM operation: G1CollectForAllocation
Event: 5.084 Executing VM operation: G1CollectForAllocation done
Event: 5.180 Executing VM operation: HandshakeAllThreads
Event: 5.180 Executing VM operation: HandshakeAllThreads done
Event: 5.183 Executing VM operation: ICBufferFull
Event: 5.184 Executing VM operation: ICBufferFull done
Event: 5.185 Executing VM operation: HandshakeAllThreads
Event: 5.185 Executing VM operation: HandshakeAllThreads done
Event: 5.228 Executing VM operation: HandshakeAllThreads
Event: 5.228 Executing VM operation: HandshakeAllThreads done
Event: 5.238 Executing VM operation: HandshakeAllThreads
Event: 5.238 Executing VM operation: HandshakeAllThreads done
Event: 5.253 Executing VM operation: HandshakeAllThreads
Event: 5.253 Executing VM operation: HandshakeAllThreads done

Events (20 events):
Event: 5.232 loading class java/io/ObjectStreamClass$1
Event: 5.232 loading class java/io/ObjectStreamClass$1 done
Event: 5.232 loading class java/io/ObjectStreamClass$MemberSignature
Event: 5.232 loading class java/io/ObjectStreamClass$MemberSignature done
Event: 5.232 loading class java/io/ObjectStreamClass$3
Event: 5.232 loading class java/io/ObjectStreamClass$3 done
Event: 5.232 loading class java/io/ObjectStreamClass$4
Event: 5.232 loading class java/io/ObjectStreamClass$4 done
Event: 5.232 loading class java/io/ObjectStreamClass$5
Event: 5.232 loading class java/io/ObjectStreamClass$5 done
Event: 5.232 loading class java/io/ObjectStreamClass$ClassDataSlot
Event: 5.232 loading class java/io/ObjectStreamClass$ClassDataSlot done
Event: 5.233 loading class jdk/internal/reflect/UnsafeQualifiedStaticLongFieldAccessorImpl
Event: 5.233 loading class jdk/internal/reflect/UnsafeQualifiedStaticLongFieldAccessorImpl done
Event: 5.234 loading class java/io/SerialCallbackContext
Event: 5.234 loading class java/io/SerialCallbackContext done
Event: 5.256 loading class java/util/concurrent/ConcurrentSkipListMap$KeySet
Event: 5.256 loading class java/util/concurrent/ConcurrentSkipListMap$KeySet done
Event: 5.256 loading class java/util/concurrent/ConcurrentSkipListMap$KeyIterator
Event: 5.256 loading class java/util/concurrent/ConcurrentSkipListMap$KeyIterator done


Dynamic libraries:
0x00007fff2a58a000 	/usr/lib/libz.1.dylib
0x0000000108404000 	/Library/Java/JavaVirtualMachines/amazon-corretto-17.jdk/Contents/Home/lib/libjli.dylib
0x00007fff34fbe000 	/System/Library/Frameworks/Cocoa.framework/Versions/A/Cocoa
0x00007fff22308000 	/System/Library/Frameworks/Security.framework/Versions/A/Security
0x00007fff331c6000 	/System/Library/Frameworks/ApplicationServices.framework/Versions/A/ApplicationServices
0x00007fff2a652000 	/usr/lib/libSystem.B.dylib
0x00007fff2a64c000 	/usr/lib/system/libcache.dylib
0x00007fff2a608000 	/usr/lib/system/libcommonCrypto.dylib
0x00007fff2a632000 	/usr/lib/system/libcompiler_rt.dylib
0x00007fff2a627000 	/usr/lib/system/libcopyfile.dylib
0x00007fff20201000 	/usr/lib/system/libcorecrypto.dylib
0x00007fff202cc000 	/usr/lib/system/libdispatch.dylib
0x00007fff2047f000 	/usr/lib/system/libdyld.dylib
0x00007fff2a643000 	/usr/lib/system/libkeymgr.dylib
0x00007fff2da56000 	/usr/lib/system/liblaunch.dylib
0x00007fff2a5e6000 	/usr/lib/system/libmacho.dylib
0x00007fff29dde000 	/usr/lib/system/libquarantine.dylib
0x00007fff2a640000 	/usr/lib/system/libremovefile.dylib
0x00007fff24ce4000 	/usr/lib/system/libsystem_asl.dylib
0x00007fff201b1000 	/usr/lib/system/libsystem_blocks.dylib
0x00007fff2034e000 	/usr/lib/system/libsystem_c.dylib
0x00007fff2a63a000 	/usr/lib/system/libsystem_collections.dylib
0x00007fff290e4000 	/usr/lib/system/libsystem_configuration.dylib
0x00007fff283d0000 	/usr/lib/system/libsystem_containermanager.dylib
0x00007fff2a389000 	/usr/lib/system/libsystem_coreservices.dylib
0x00007fff228c0000 	/usr/lib/system/libsystem_darwin.dylib
0x00007fff2a644000 	/usr/lib/system/libsystem_dnssd.dylib
0x00007fff2034b000 	/usr/lib/system/libsystem_featureflags.dylib
0x00007fff204c5000 	/usr/lib/system/libsystem_info.dylib
0x00007fff2a59d000 	/usr/lib/system/libsystem_m.dylib
0x00007fff2029f000 	/usr/lib/system/libsystem_malloc.dylib
0x00007fff24c77000 	/usr/lib/system/libsystem_networkextension.dylib
0x00007fff22cdf000 	/usr/lib/system/libsystem_notify.dylib
0x00007fff2feed000 	/usr/lib/system/libsystem_product_info_filter.dylib
0x00007fff290e8000 	/usr/lib/system/libsystem_sandbox.dylib
0x00007fff2a63d000 	/usr/lib/system/libsystem_secinit.dylib
0x00007fff20443000 	/usr/lib/system/libsystem_kernel.dylib
0x00007fff204bb000 	/usr/lib/system/libsystem_platform.dylib
0x00007fff20473000 	/usr/lib/system/libsystem_pthread.dylib
0x00007fff263c1000 	/usr/lib/system/libsystem_symptoms.dylib
0x00007fff201e9000 	/usr/lib/system/libsystem_trace.dylib
0x00007fff2a614000 	/usr/lib/system/libunwind.dylib
0x00007fff201b3000 	/usr/lib/system/libxpc.dylib
0x00007fff2042d000 	/usr/lib/libc++abi.dylib
0x00007fff20311000 	/usr/lib/libobjc.A.dylib
0x00007fff2a61f000 	/usr/lib/liboah.dylib
0x00007fff203d7000 	/usr/lib/libc++.1.dylib
0x00007fff204f1000 	/System/Library/Frameworks/CoreFoundation.framework/Versions/A/CoreFoundation
0x00007fff212a0000 	/System/Library/Frameworks/Foundation.framework/Versions/C/Foundation
0x00007fff22d39000 	/System/Library/Frameworks/AppKit.framework/Versions/C/AppKit
0x00007fff25bfd000 	/System/Library/Frameworks/CoreData.framework/Versions/A/CoreData
0x00007fff23a85000 	/System/Library/PrivateFrameworks/UIFoundation.framework/Versions/A/UIFoundation
0x00007fff2fc80000 	/System/Library/PrivateFrameworks/RemoteViewServices.framework/Versions/A/RemoteViewServices
0x00007fff28a96000 	/System/Library/PrivateFrameworks/XCTTargetBootstrap.framework/Versions/A/XCTTargetBootstrap
0x00007fff2b77c000 	/usr/lib/libspindump.dylib
0x00007fff23cd4000 	/System/Library/Frameworks/UniformTypeIdentifiers.framework/Versions/A/UniformTypeIdentifiers
0x00007fff2729a000 	/usr/lib/libapp_launch_measurement.dylib
0x00007fff2729d000 	/System/Library/PrivateFrameworks/CoreAutoLayout.framework/Versions/A/CoreAutoLayout
0x00007fff283fd000 	/System/Library/Frameworks/Metal.framework/Versions/A/Metal
0x00007fff290f3000 	/usr/lib/liblangid.dylib
0x00007fff28a9a000 	/System/Library/PrivateFrameworks/CoreSVG.framework/Versions/A/CoreSVG
0x00007fff24d14000 	/System/Library/PrivateFrameworks/SkyLight.framework/Versions/A/SkyLight
0x00007fff2507a000 	/System/Library/Frameworks/CoreGraphics.framework/Versions/A/CoreGraphics
0x00007fff301a7000 	/System/Library/Frameworks/Accelerate.framework/Versions/A/Accelerate
0x00007fff2b1ba000 	/System/Library/PrivateFrameworks/IconServices.framework/Versions/A/IconServices
0x00007fff283e1000 	/System/Library/Frameworks/IOSurface.framework/Versions/A/IOSurface
0x00007fff26585000 	/usr/lib/libDiagnosticMessagesClient.dylib
0x00007fff28a82000 	/System/Library/PrivateFrameworks/DFRFoundation.framework/Versions/A/DFRFoundation
0x00007fff22660000 	/usr/lib/libicucore.A.dylib
0x00007fff2ccbf000 	/System/Library/Frameworks/AudioToolbox.framework/Versions/A/AudioToolbox
0x00007fff2bf47000 	/System/Library/PrivateFrameworks/DataDetectorsCore.framework/Versions/A/DataDetectorsCore
0x00007fff24c87000 	/usr/lib/libMobileGestalt.dylib
0x00007fff28786000 	/System/Library/Frameworks/Carbon.framework/Versions/A/Frameworks/HIToolbox.framework/Versions/A/HIToolbox
0x00007fff26cdf000 	/System/Library/Frameworks/QuartzCore.framework/Versions/A/QuartzCore
0x00007fff2fcb8000 	/System/Library/Frameworks/Carbon.framework/Versions/A/Frameworks/SpeechRecognition.framework/Versions/A/SpeechRecognition
0x00007fff26fff000 	/System/Library/PrivateFrameworks/CoreUI.framework/Versions/A/CoreUI
0x00007fff21c76000 	/System/Library/Frameworks/CoreAudio.framework/Versions/A/CoreAudio
0x00007fff26670000 	/System/Library/Frameworks/DiskArbitration.framework/Versions/A/DiskArbitration
0x00007fff2bb4a000 	/System/Library/PrivateFrameworks/MultitouchSupport.framework/Versions/A/MultitouchSupport
0x00007fff2bf3e000 	/System/Library/PrivateFrameworks/InternationalSupport.framework/Versions/A/InternationalSupport
0x00007fff24c86000 	/usr/lib/libenergytrace.dylib
0x00007fff22c30000 	/System/Library/Frameworks/IOKit.framework/Versions/A/IOKit
0x00007fff2ffeb000 	/System/Library/Frameworks/CoreServices.framework/Versions/A/CoreServices
0x00007fff2722c000 	/System/Library/PrivateFrameworks/PerformanceAnalysis.framework/Versions/A/PerformanceAnalysis
0x00007fff6bb58000 	/System/Library/Frameworks/OpenGL.framework/Versions/A/OpenGL
0x00007fff2bfc2000 	/System/Library/PrivateFrameworks/UserActivity.framework/Versions/A/UserActivity
0x00007fff25704000 	/System/Library/Frameworks/ColorSync.framework/Versions/A/ColorSync
0x00007fff28d01000 	/System/Library/Frameworks/CoreImage.framework/Versions/A/CoreImage
0x00007fff21a90000 	/System/Library/Frameworks/CoreText.framework/Versions/A/CoreText
0x00007fff28ac4000 	/System/Library/Frameworks/ImageIO.framework/Versions/A/ImageIO
0x00007fff2a658000 	/System/Library/PrivateFrameworks/SoftLinking.framework/Versions/A/SoftLinking
0x00007fff272e5000 	/usr/lib/libxml2.2.dylib
0x00007fff2a8c9000 	/usr/lib/libcompression.dylib
0x00007fff2be70000 	/System/Library/PrivateFrameworks/TextureIO.framework/Versions/A/TextureIO
0x00007fff2aef8000 	/usr/lib/libate.dylib
0x00007fff2acdd000 	/usr/lib/liblzma.5.dylib
0x00007fff20fb4000 	/System/Library/Frameworks/SystemConfiguration.framework/Versions/A/SystemConfiguration
0x00007fff2a654000 	/usr/lib/libfakelink.dylib
0x00007fff247d8000 	/System/Library/Frameworks/CFNetwork.framework/Versions/A/CFNetwork
0x00007fff2a794000 	/usr/lib/libarchive.2.dylib
0x00007fff21032000 	/usr/lib/libCRFSuite.dylib
0x00007fff29e05000 	/usr/lib/libbsm.0.dylib
0x00007fff24151000 	/usr/lib/libnetwork.dylib
0x00007fff2a659000 	/usr/lib/libpcap.A.dylib
0x00007fff263ba000 	/usr/lib/libdns_services.dylib
0x00007fff2acf6000 	/usr/lib/libcoretls_cfhelpers.dylib
0x00007fff2a893000 	/usr/lib/libapple_nghttp2.dylib
0x00007fff2a5ec000 	/usr/lib/system/libkxld.dylib
0x00007fff26033000 	/usr/lib/libsqlite3.dylib
0x00007fff2a36c000 	/System/Library/PrivateFrameworks/AppleFSCompression.framework/Versions/A/AppleFSCompression
0x00007fff29ded000 	/usr/lib/libcoretls.dylib
0x00007fff2a8c4000 	/usr/lib/libpam.2.dylib
0x00007fff2adf4000 	/usr/lib/libxar.1.dylib
0x00007fff290ef000 	/System/Library/PrivateFrameworks/AppleSystemInfo.framework/Versions/A/AppleSystemInfo
0x00007fff29a2f000 	/System/Library/PrivateFrameworks/IOMobileFramebuffer.framework/Versions/A/IOMobileFramebuffer
0x00007fff2a37c000 	/usr/lib/libbz2.1.0.dylib
0x00007fff2a691000 	/usr/lib/libiconv.2.dylib
0x00007fff2a5e5000 	/usr/lib/libcharset.1.dylib
0x00007fff27268000 	/System/Library/Frameworks/CoreServices.framework/Versions/A/Frameworks/FSEvents.framework/Versions/A/FSEvents
0x00007fff228ca000 	/System/Library/Frameworks/CoreServices.framework/Versions/A/Frameworks/CarbonCore.framework/Versions/A/CarbonCore
0x00007fff265d5000 	/System/Library/Frameworks/CoreServices.framework/Versions/A/Frameworks/Metadata.framework/Versions/A/Metadata
0x00007fff2a38e000 	/System/Library/Frameworks/CoreServices.framework/Versions/A/Frameworks/OSServices.framework/Versions/A/OSServices
0x00007fff2a806000 	/System/Library/Frameworks/CoreServices.framework/Versions/A/Frameworks/SearchKit.framework/Versions/A/SearchKit
0x00007fff26345000 	/System/Library/Frameworks/CoreServices.framework/Versions/A/Frameworks/AE.framework/Versions/A/AE
0x00007fff2098f000 	/System/Library/Frameworks/CoreServices.framework/Versions/A/Frameworks/LaunchServices.framework/Versions/A/LaunchServices
0x00007fff2ac8d000 	/System/Library/Frameworks/CoreServices.framework/Versions/A/Frameworks/DictionaryServices.framework/Versions/A/DictionaryServices
0x00007fff27275000 	/System/Library/Frameworks/CoreServices.framework/Versions/A/Frameworks/SharedFileList.framework/Versions/A/SharedFileList
0x00007fff29de1000 	/usr/lib/libCheckFix.dylib
0x00007fff24cfb000 	/System/Library/PrivateFrameworks/TCC.framework/Versions/A/TCC
0x00007fff290f5000 	/System/Library/PrivateFrameworks/CoreNLP.framework/Versions/A/CoreNLP
0x00007fff26588000 	/System/Library/PrivateFrameworks/MetadataUtilities.framework/Versions/A/MetadataUtilities
0x00007fff21067000 	/usr/lib/libmecabra.dylib
0x00007fff2a0eb000 	/System/Library/Frameworks/MLCompute.framework/Versions/A/MLCompute
0x00007fff29e16000 	/usr/lib/libmecab.dylib
0x00007fff29e60000 	/usr/lib/libgermantok.dylib
0x00007fff2a86e000 	/usr/lib/libThaiTokenizer.dylib
0x00007fff2ae2f000 	/usr/lib/libChineseTokenizer.dylib
0x00007fff2a8c2000 	/System/Library/Frameworks/MetalPerformanceShaders.framework/Versions/A/MetalPerformanceShaders
0x00007fff26677000 	/System/Library/Frameworks/Accelerate.framework/Versions/A/Frameworks/vImage.framework/Versions/A/vImage
0x00007fff2ffc5000 	/System/Library/Frameworks/Accelerate.framework/Versions/A/Frameworks/vecLib.framework/Versions/A/vecLib
0x00007fff2ae3a000 	/System/Library/Frameworks/Accelerate.framework/Versions/A/Frameworks/vecLib.framework/Versions/A/libvMisc.dylib
0x00007fff2984a000 	/System/Library/Frameworks/Accelerate.framework/Versions/A/Frameworks/vecLib.framework/Versions/A/libvDSP.dylib
0x00007fff20c9a000 	/System/Library/Frameworks/Accelerate.framework/Versions/A/Frameworks/vecLib.framework/Versions/A/libBLAS.dylib
0x00007fff2a8ef000 	/System/Library/Frameworks/Accelerate.framework/Versions/A/Frameworks/vecLib.framework/Versions/A/libLAPACK.dylib
0x00007fff29e66000 	/System/Library/Frameworks/Accelerate.framework/Versions/A/Frameworks/vecLib.framework/Versions/A/libLinearAlgebra.dylib
0x00007fff2a8ab000 	/System/Library/Frameworks/Accelerate.framework/Versions/A/Frameworks/vecLib.framework/Versions/A/libSparseBLAS.dylib
0x00007fff2a8e9000 	/System/Library/Frameworks/Accelerate.framework/Versions/A/Frameworks/vecLib.framework/Versions/A/libQuadrature.dylib
0x00007fff291a1000 	/System/Library/Frameworks/Accelerate.framework/Versions/A/Frameworks/vecLib.framework/Versions/A/libBNNS.dylib
0x00007fff20f45000 	/System/Library/Frameworks/Accelerate.framework/Versions/A/Frameworks/vecLib.framework/Versions/A/libSparse.dylib
0x00007fff2907d000 	/System/Library/Frameworks/MetalPerformanceShaders.framework/Versions/A/Frameworks/MPSCore.framework/Versions/A/MPSCore
0x00007fff2a2db000 	/System/Library/Frameworks/MetalPerformanceShaders.framework/Versions/A/Frameworks/MPSImage.framework/Versions/A/MPSImage
0x00007fff29e7c000 	/System/Library/Frameworks/MetalPerformanceShaders.framework/Versions/A/Frameworks/MPSNeuralNetwork.framework/Versions/A/MPSNeuralNetwork
0x00007fff2a24d000 	/System/Library/Frameworks/MetalPerformanceShaders.framework/Versions/A/Frameworks/MPSMatrix.framework/Versions/A/MPSMatrix
0x00007fff2a09b000 	/System/Library/Frameworks/MetalPerformanceShaders.framework/Versions/A/Frameworks/MPSRayIntersector.framework/Versions/A/MPSRayIntersector
0x00007fff2a284000 	/System/Library/Frameworks/MetalPerformanceShaders.framework/Versions/A/Frameworks/MPSNDArray.framework/Versions/A/MPSNDArray
0x00007fff20bc5000 	/System/Library/PrivateFrameworks/MetalTools.framework/Versions/A/MetalTools
0x00007fff290ed000 	/System/Library/PrivateFrameworks/AggregateDictionary.framework/Versions/A/AggregateDictionary
0x00007fff26555000 	/System/Library/PrivateFrameworks/CoreAnalytics.framework/Versions/A/CoreAnalytics
0x00007fff2a870000 	/System/Library/PrivateFrameworks/AppleSauce.framework/Versions/A/AppleSauce
0x00007fff283f3000 	/System/Library/PrivateFrameworks/IOAccelerator.framework/Versions/A/IOAccelerator
0x00007fff6bb4c000 	/System/Library/Frameworks/OpenGL.framework/Versions/A/Libraries/libCoreFSCache.dylib
0x00007fff215ff000 	/System/Library/PrivateFrameworks/LanguageModeling.framework/Versions/A/LanguageModeling
0x00007fff29a1d000 	/System/Library/PrivateFrameworks/CoreEmoji.framework/Versions/A/CoreEmoji
0x00007fff2919a000 	/System/Library/PrivateFrameworks/LinguisticData.framework/Versions/A/LinguisticData
0x00007fff20ef7000 	/System/Library/PrivateFrameworks/Lexicon.framework/Versions/A/Lexicon
0x00007fff2a782000 	/usr/lib/libcmph.dylib
0x00007fff27248000 	/System/Library/Frameworks/OpenDirectory.framework/Versions/A/Frameworks/CFOpenDirectory.framework/Versions/A/CFOpenDirectory
0x00007fff27238000 	/System/Library/Frameworks/OpenDirectory.framework/Versions/A/OpenDirectory
0x00007fff2acf8000 	/System/Library/PrivateFrameworks/APFS.framework/Versions/A/APFS
0x00007fff29d43000 	/System/Library/Frameworks/SecurityFoundation.framework/Versions/A/SecurityFoundation
0x00007fff2ae02000 	/usr/lib/libutil.dylib
0x00007fff22bf5000 	/System/Library/PrivateFrameworks/CoreServicesStore.framework/Versions/A/CoreServicesStore
0x00007fff29dd9000 	/System/Library/Frameworks/ServiceManagement.framework/Versions/A/ServiceManagement
0x00007fff2ae06000 	/usr/lib/libxslt.1.dylib
0x00007fff29dcf000 	/System/Library/PrivateFrameworks/BackgroundTaskManagement.framework/Versions/A/BackgroundTaskManagement
0x00007fff2bdba000 	/System/Library/Frameworks/ImageIO.framework/Versions/A/Resources/libRadiance.dylib
0x00007fff2bdc4000 	/System/Library/Frameworks/ImageIO.framework/Versions/A/Resources/libJPEG.dylib
0x00007fff2bd14000 	/System/Library/Frameworks/ImageIO.framework/Versions/A/Resources/libPng.dylib
0x00007fff2bd35000 	/System/Library/Frameworks/ImageIO.framework/Versions/A/Resources/libTIFF.dylib
0x00007fff2be19000 	/System/Library/Frameworks/ImageIO.framework/Versions/A/Resources/libGIF.dylib
0x00007fff2ba66000 	/System/Library/Frameworks/ImageIO.framework/Versions/A/Resources/libJP2.dylib
0x00007fff2b181000 	/usr/lib/libexpat.1.dylib
0x00007fff2ba1c000 	/System/Library/PrivateFrameworks/AppleJPEG.framework/Versions/A/AppleJPEG
0x00007fff28629000 	/System/Library/PrivateFrameworks/FontServices.framework/libFontParser.dylib
0x00007fff262fc000 	/System/Library/PrivateFrameworks/RunningBoardServices.framework/Versions/A/RunningBoardServices
0x00007fff2bb46000 	/System/Library/PrivateFrameworks/WatchdogClient.framework/Versions/A/WatchdogClient
0x00007fff216e8000 	/System/Library/Frameworks/CoreDisplay.framework/Versions/A/CoreDisplay
0x00007fff2853e000 	/System/Library/Frameworks/CoreMedia.framework/Versions/A/CoreMedia
0x00007fff273c8000 	/System/Library/Frameworks/CoreVideo.framework/Versions/A/CoreVideo
0x00007fff2bb81000 	/System/Library/Frameworks/VideoToolbox.framework/Versions/A/VideoToolbox
0x00007fff2627c000 	/System/Library/PrivateFrameworks/BaseBoard.framework/Versions/A/BaseBoard
0x00007fff2b2c6000 	/System/Library/PrivateFrameworks/PersistentConnection.framework/Versions/A/PersistentConnection
0x00007fff2601d000 	/System/Library/PrivateFrameworks/ProtocolBuffer.framework/Versions/A/ProtocolBuffer
0x00007fff26264000 	/System/Library/PrivateFrameworks/CommonUtilities.framework/Versions/A/CommonUtilities
0x00007fff2b9df000 	/System/Library/PrivateFrameworks/Bom.framework/Versions/A/Bom
0x00007fff2bdb2000 	/System/Library/PrivateFrameworks/GPUWrangler.framework/Versions/A/GPUWrangler
0x00007fff2bd95000 	/System/Library/PrivateFrameworks/IOPresentment.framework/Versions/A/IOPresentment
0x00007fff2bdbe000 	/System/Library/PrivateFrameworks/DSExternalDisplay.framework/Versions/A/DSExternalDisplay
0x00007fff2be1e000 	/System/Library/PrivateFrameworks/CMCaptureCore.framework/Versions/A/CMCaptureCore
0x00007fff2b762000 	/System/Library/PrivateFrameworks/AppServerSupport.framework/Versions/A/AppServerSupport
0x00007fff2d7f9000 	/System/Library/PrivateFrameworks/perfdata.framework/Versions/A/perfdata
0x00007fff29d32000 	/System/Library/PrivateFrameworks/AssertionServices.framework/Versions/A/AssertionServices
0x00007fff2181f000 	/System/Library/PrivateFrameworks/AudioToolboxCore.framework/Versions/A/AudioToolboxCore
0x00007fff28521000 	/System/Library/PrivateFrameworks/caulk.framework/Versions/A/caulk
0x00007fff3cca5000 	/System/Library/PrivateFrameworks/SystemPolicy.framework/Versions/A/SystemPolicy
0x00007fff2af90000 	/usr/lib/libIOReport.dylib
0x00007fff2d035000 	/usr/lib/libSMC.dylib
0x00007fff2bce0000 	/usr/lib/libAudioToolboxUtility.dylib
0x00007fff3d602000 	/usr/lib/libmis.dylib
0x00007fff6bba8000 	/System/Library/Frameworks/OpenGL.framework/Versions/A/Libraries/libGLU.dylib
0x00007fff6bb6b000 	/System/Library/Frameworks/OpenGL.framework/Versions/A/Libraries/libGFXShared.dylib
0x00007fff6bd79000 	/System/Library/Frameworks/OpenGL.framework/Versions/A/Libraries/libGL.dylib
0x00007fff6bb74000 	/System/Library/Frameworks/OpenGL.framework/Versions/A/Libraries/libGLImage.dylib
0x00007fff6bb68000 	/System/Library/Frameworks/OpenGL.framework/Versions/A/Libraries/libCVMSPluginSupport.dylib
0x00007fff6bb53000 	/System/Library/Frameworks/OpenGL.framework/Versions/A/Libraries/libCoreVMClient.dylib
0x00007fff6d1c3000 	/System/Library/Frameworks/OpenCL.framework/Versions/A/OpenCL
0x00007fff2b2ef000 	/System/Library/PrivateFrameworks/GraphVisualizer.framework/Versions/A/GraphVisualizer
0x00007fff2b2fe000 	/System/Library/PrivateFrameworks/FaceCore.framework/Versions/A/FaceCore
0x00007fff2b71a000 	/System/Library/PrivateFrameworks/OTSVG.framework/Versions/A/OTSVG
0x00007fff26fbd000 	/System/Library/Frameworks/ApplicationServices.framework/Versions/A/Frameworks/ATS.framework/Versions/A/Resources/libFontRegistry.dylib
0x00007fff2b769000 	/System/Library/PrivateFrameworks/FontServices.framework/libhvf.dylib
0x00007fff2b12d000 	/System/Library/PrivateFrameworks/AppleVA.framework/Versions/A/AppleVA
0x00007fff2ce7d000 	/System/Library/Frameworks/ApplicationServices.framework/Versions/A/Frameworks/ATS.framework/Versions/A/ATS
0x00007fff2d190000 	/System/Library/Frameworks/ApplicationServices.framework/Versions/A/Frameworks/ColorSyncLegacy.framework/Versions/A/ColorSyncLegacy
0x00007fff257fb000 	/System/Library/Frameworks/ApplicationServices.framework/Versions/A/Frameworks/HIServices.framework/Versions/A/HIServices
0x00007fff2d175000 	/System/Library/Frameworks/ApplicationServices.framework/Versions/A/Frameworks/LangAnalysis.framework/Versions/A/LangAnalysis
0x00007fff2be28000 	/System/Library/Frameworks/ApplicationServices.framework/Versions/A/Frameworks/PrintCore.framework/Versions/A/PrintCore
0x00007fff2d198000 	/System/Library/Frameworks/ApplicationServices.framework/Versions/A/Frameworks/QD.framework/Versions/A/QD
0x00007fff2ce6d000 	/System/Library/Frameworks/ApplicationServices.framework/Versions/A/Frameworks/SpeechSynthesis.framework/Versions/A/SpeechSynthesis
0x00007fff2bde9000 	/System/Library/Frameworks/ApplicationServices.framework/Versions/A/Frameworks/ATSUI.framework/Versions/A/ATSUI
0x00007fff2d115000 	/usr/lib/libcups.2.dylib
0x00007fff2d185000 	/System/Library/PrivateFrameworks/NetAuth.framework/Versions/A/NetAuth
0x00007fff2d814000 	/System/Library/Frameworks/Kerberos.framework/Versions/A/Kerberos
0x00007fff2d824000 	/System/Library/Frameworks/GSS.framework/Versions/A/GSS
0x00007fff2ceea000 	/usr/lib/libresolv.9.dylib
0x00007fff2b77f000 	/System/Library/PrivateFrameworks/Heimdal.framework/Versions/A/Heimdal
0x00007fff334db000 	/System/Library/Frameworks/Kerberos.framework/Versions/A/Libraries/libHeimdalProxy.dylib
0x00007fff263c9000 	/System/Library/Frameworks/Network.framework/Versions/A/Network
0x00007fff2b19b000 	/usr/lib/libheimdal-asn1.dylib
0x00007fff2d875000 	/System/Library/PrivateFrameworks/CommonAuth.framework/Versions/A/CommonAuth
0x00007fff27416000 	/System/Library/PrivateFrameworks/login.framework/Versions/A/Frameworks/loginsupport.framework/Versions/A/loginsupport
0x00007fff2cdf4000 	/System/Library/PrivateFrameworks/AudioSession.framework/Versions/A/AudioSession
0x00007fff2ce5a000 	/usr/lib/libAudioStatistics.dylib
0x00007fff2b227000 	/System/Library/PrivateFrameworks/MediaExperience.framework/Versions/A/MediaExperience
0x00007fff2cc8d000 	/System/Library/PrivateFrameworks/AudioSession.framework/libSessionUtility.dylib
0x00007fff2d805000 	/usr/lib/libperfcheck.dylib
0x00007fff2d1a4000 	/System/Library/PrivateFrameworks/AudioResourceArbitration.framework/Versions/A/AudioResourceArbitration
0x00007fff2b1a5000 	/System/Library/PrivateFrameworks/IconFoundation.framework/Versions/A/IconFoundation
0x00007fff2fca8000 	/System/Library/PrivateFrameworks/SpeechRecognitionCore.framework/Versions/A/SpeechRecognitionCore
0x0000000110800000 	/Library/Java/JavaVirtualMachines/amazon-corretto-17.jdk/Contents/Home/lib/server/libjvm.dylib
0x000000010844b000 	/Library/Java/JavaVirtualMachines/amazon-corretto-17.jdk/Contents/Home/lib/libjimage.dylib
0x000000010845d000 	/Library/Java/JavaVirtualMachines/amazon-corretto-17.jdk/Contents/Home/lib/libinstrument.dylib
0x0000000108471000 	/Library/Java/JavaVirtualMachines/amazon-corretto-17.jdk/Contents/Home/lib/libjava.dylib
0x0000000116a56000 	/Library/Java/JavaVirtualMachines/amazon-corretto-17.jdk/Contents/Home/lib/libzip.dylib
0x0000000116a6a000 	/Library/Java/JavaVirtualMachines/amazon-corretto-17.jdk/Contents/Home/lib/libnio.dylib
0x0000000116a86000 	/Library/Java/JavaVirtualMachines/amazon-corretto-17.jdk/Contents/Home/lib/libnet.dylib
0x0000000116aa6000 	/Library/Java/JavaVirtualMachines/amazon-corretto-17.jdk/Contents/Home/lib/libverify.dylib
0x0000000116abe000 	/Users/vikasmalviya/.gradle/native/c067742578af261105cb4f569cf0c3c89f3d7b1fecec35dd04571415982c5e48/osx-amd64/libnative-platform.dylib
0x0000000116aca000 	/Users/vikasmalviya/.gradle/native/100fb08df4bc3b14c8652ba06237920a3bd2aa13389f12d3474272988ae205f9/osx-amd64/libnative-platform-file-events.dylib
0x0000000116b36000 	/Library/Java/JavaVirtualMachines/amazon-corretto-17.jdk/Contents/Home/lib/libmanagement.dylib
0x0000000116b46000 	/Library/Java/JavaVirtualMachines/amazon-corretto-17.jdk/Contents/Home/lib/libmanagement_ext.dylib
0x0000000116b56000 	/Library/Java/JavaVirtualMachines/amazon-corretto-17.jdk/Contents/Home/lib/libextnet.dylib


VM Arguments:
jvm_args: --add-opens=java.base/java.util=ALL-UNNAMED --add-opens=java.base/java.lang=ALL-UNNAMED --add-opens=java.base/java.lang.invoke=ALL-UNNAMED --add-opens=java.prefs/java.util.prefs=ALL-UNNAMED --add-opens=java.base/java.nio.charset=ALL-UNNAMED --add-opens=java.base/java.net=ALL-UNNAMED --add-opens=java.base/java.util.concurrent.atomic=ALL-UNNAMED -XX:MaxMetaspaceSize=384m -XX:+HeapDumpOnOutOfMemoryError -Xms256m -Xmx512m -Dfile.encoding=UTF-8 -Duser.country=AU -Duser.language=en -Duser.variant -javaagent:/Users/vikasmalviya/.gradle/wrapper/dists/gradle-8.8-bin/dl7vupf4psengwqhwktix4v1/gradle-8.8/lib/agents/gradle-instrumentation-agent-8.8.jar 
java_command: org.gradle.launcher.daemon.bootstrap.GradleDaemon 8.8
java_class_path (initial): /Users/vikasmalviya/.gradle/wrapper/dists/gradle-8.8-bin/dl7vupf4psengwqhwktix4v1/gradle-8.8/lib/gradle-launcher-8.8.jar
Launcher Type: SUN_STANDARD

[Global flags]
     intx CICompilerCount                          = 12                                        {product} {ergonomic}
   size_t CompressedClassSpaceSize                 = 335544320                                 {product} {ergonomic}
     uint ConcGCThreads                            = 3                                         {product} {ergonomic}
     uint G1ConcRefinementThreads                  = 13                                        {product} {ergonomic}
   size_t G1HeapRegionSize                         = 1048576                                   {product} {ergonomic}
    uintx GCDrainStackTargetSize                   = 64                                        {product} {ergonomic}
     bool HeapDumpOnOutOfMemoryError               = true                                   {manageable} {command line}
   size_t InitialHeapSize                          = 268435456                                 {product} {command line}
   size_t MarkStackSize                            = 4194304                                   {product} {ergonomic}
   size_t MaxHeapSize                              = 536870912                                 {product} {command line}
   size_t MaxMetaspaceSize                         = 402653184                                 {product} {command line}
   size_t MaxNewSize                               = 321912832                                 {product} {ergonomic}
   size_t MinHeapDeltaBytes                        = 1048576                                   {product} {ergonomic}
   size_t MinHeapSize                              = 268435456                                 {product} {command line}
    uintx NonNMethodCodeHeapSize                   = 7602480                                {pd product} {ergonomic}
    uintx NonProfiledCodeHeapSize                  = 122027880                              {pd product} {ergonomic}
    uintx ProfiledCodeHeapSize                     = 122027880                              {pd product} {ergonomic}
    uintx ReservedCodeCacheSize                    = 251658240                              {pd product} {ergonomic}
     bool SegmentedCodeCache                       = true                                      {product} {ergonomic}
   size_t SoftMaxHeapSize                          = 536870912                              {manageable} {ergonomic}
     bool UseCompressedClassPointers               = true                           {product lp64_product} {ergonomic}
     bool UseCompressedOops                        = true                           {product lp64_product} {ergonomic}
     bool UseG1GC                                  = true                                      {product} {ergonomic}
     bool UseNUMA                                  = false                                     {product} {ergonomic}
     bool UseNUMAInterleaving                      = false                                     {product} {ergonomic}

Logging:
Log output configuration:
 #0: stdout all=warning uptime,level,tags
 #1: stderr all=off uptime,level,tags

Environment Variables:
PATH=/Users/vikasmalviya/.docker/bin:/Library/Frameworks/Python.framework/Versions/3.12/bin:/usr/local/bin:/usr/bin:/bin:/usr/sbin:/sbin:/usr/local/go/bin
SHELL=/bin/zsh
LC_CTYPE=en_AU.UTF-8
TMPDIR=/var/folders/b5/7b0sv_zj4h35p2rbh683p83h0000gn/T/

Active Locale:
LC_ALL=C
LC_COLLATE=C
LC_CTYPE=C
LC_MESSAGES=C
LC_MONETARY=C
LC_NUMERIC=C
LC_TIME=C

Signal Handlers:
   SIGSEGV: crash_handler in libjvm.dylib, mask=11100110000111110111111111111111, flags=SA_RESTART|SA_SIGINFO, unblocked
    SIGBUS: crash_handler in libjvm.dylib, mask=11100110000111110111111111111111, flags=SA_RESTART|SA_SIGINFO, unblocked
    SIGFPE: crash_handler in libjvm.dylib, mask=11100110000111110111111111111111, flags=SA_RESTART|SA_SIGINFO, unblocked
   SIGPIPE: javaSignalHandler in libjvm.dylib, mask=11100110000111110111111111111111, flags=SA_RESTART|SA_SIGINFO, blocked
   SIGXFSZ: javaSignalHandler in libjvm.dylib, mask=11100110000111110111111111111111, flags=SA_RESTART|SA_SIGINFO, blocked
    SIGILL: crash_handler in libjvm.dylib, mask=11100110000111110111111111111111, flags=SA_RESTART|SA_SIGINFO, unblocked
   SIGUSR2: SR_handler in libjvm.dylib, mask=00100000000000000000000000000000, flags=SA_RESTART|SA_SIGINFO, blocked
    SIGHUP: UserHandler in libjvm.dylib, mask=11100110000111110111111111111111, flags=SA_RESTART|SA_SIGINFO, blocked
    SIGINT: UserHandler in libjvm.dylib, mask=11100110000111110111111111111111, flags=SA_RESTART|SA_SIGINFO, blocked
   SIGTERM: UserHandler in libjvm.dylib, mask=11100110000111110111111111111111, flags=SA_RESTART|SA_SIGINFO, blocked
   SIGQUIT: UserHandler in libjvm.dylib, mask=11100110000111110111111111111111, flags=SA_RESTART|SA_SIGINFO, blocked
   SIGTRAP: crash_handler in libjvm.dylib, mask=11100110000111110111111111111111, flags=SA_RESTART|SA_SIGINFO, unblocked


---------------  S Y S T E M  ---------------

OS:
uname: Darwin 20.6.0 Darwin Kernel Version 20.6.0: Mon Aug 30 06:12:21 PDT 2021; root:xnu-7195.141.6~3/RELEASE_X86_64 x86_64
OS uptime: 0 days 8:53 hours
rlimit (soft/hard): STACK 8192k/65532k , CORE 0k/infinity , NPROC 5568/8352 , NOFILE 10240/infinity , AS infinity/infinity , CPU infinity/infinity , DATA infinity/infinity , FSIZE infinity/infinity , MEMLOCK infinity/infinity , RSS infinity/infinity
load average: 3.09 3.31 3.43

CPU: total 16 (initial active 16) (8 cores per cpu, 2 threads per core) family 6 model 158 stepping 13 microcode 0xea, cx8, cmov, fxsr, ht, mmx, 3dnowpref, sse, sse2, sse3, ssse3, sse4.1, sse4.2, popcnt, lzcnt, tsc, tscinvbit, avx, avx2, aes, erms, clmul, bmi1, bmi2, adx, fma, vzeroupper, clflush, clflushopt

Memory: 4k page, physical 33554432k(84404k free), swap 4194304k(1155584k free)

vm_info: OpenJDK 64-Bit Server VM (17.0.7+7-LTS) for bsd-amd64 JRE (17.0.7+7-LTS), built on Apr 14 2023 01:24:02 by "ec2user" with clang Apple LLVM 13.0.0 (clang-1300.0.29.30)

END.
